Determining if the system is big endian passed with the following output:
Change Dir: /home/nknapp/dfnworks-main/inp_2_vtk/VTK-7.1.0/CMakeFiles/CMakeTmp

Run Build Command:/usr/bin/make "cmTryCompileExec1277164161/fast"
make: Warning: File `Makefile' has modification time 0.97 s in the future
/usr/bin/make -f CMakeFiles/cmTryCompileExec1277164161.dir/build.make CMakeFiles/cmTryCompileExec1277164161.dir/build
make[1]: Entering directory `/home/nknapp/dfnworks-main/inp_2_vtk/VTK-7.1.0/CMakeFiles/CMakeTmp'
make[1]: Warning: File `CMakeFiles/cmTryCompileExec1277164161.dir/flags.make' has modification time 0.96 s in the future
/usr/bin/cmake -E cmake_progress_report /home/nknapp/dfnworks-main/inp_2_vtk/VTK-7.1.0/CMakeFiles/CMakeTmp/CMakeFiles 1
Building C object CMakeFiles/cmTryCompileExec1277164161.dir/TestEndianess.c.o
/usr/bin/cc    -o CMakeFiles/cmTryCompileExec1277164161.dir/TestEndianess.c.o   -c /home/nknapp/dfnworks-main/inp_2_vtk/VTK-7.1.0/CMakeFiles/CMakeTmp/TestEndianess.c
Linking C executable cmTryCompileExec1277164161
/usr/bin/cmake -E cmake_link_script CMakeFiles/cmTryCompileExec1277164161.dir/link.txt --verbose=1
/usr/bin/cc        CMakeFiles/cmTryCompileExec1277164161.dir/TestEndianess.c.o  -o cmTryCompileExec1277164161 -rdynamic 
make[1]: warning:  Clock skew detected.  Your build may be incomplete.
make[1]: Leaving directory `/home/nknapp/dfnworks-main/inp_2_vtk/VTK-7.1.0/CMakeFiles/CMakeTmp'
make: warning:  Clock skew detected.  Your build may be incomplete.

TestEndianess.c:
/* A 16 bit integer is required. */
typedef unsigned short cmakeint16;

/* On a little endian machine, these 16bit ints will give "THIS IS LITTLE ENDIAN."
   On a big endian machine the characters will be exchanged pairwise. */
const cmakeint16 info_little[] =  {0x4854, 0x5349, 0x4920, 0x2053, 0x494c, 0x5454, 0x454c, 0x4520, 0x444e, 0x4149, 0x2e4e, 0x0000};

/* on a big endian machine, these 16bit ints will give "THIS IS BIG ENDIAN."
   On a little endian machine the characters will be exchanged pairwise. */
const cmakeint16 info_big[] =     {0x5448, 0x4953, 0x2049, 0x5320, 0x4249, 0x4720, 0x454e, 0x4449, 0x414e, 0x2e2e, 0x0000};

#ifdef __CLASSIC_C__
int main(argc, argv) int argc; char *argv[];
#else
int main(int argc, char *argv[])
#endif
{
  int require = 0;
  require += info_little[argc];
  require += info_big[argc];
  (void)argv;
  return require;
}


Determining if the pthread_create exist failed with the following output:
Change Dir: /home/nknapp/dfnworks-main/inp_2_vtk/VTK-7.1.0/CMakeFiles/CMakeTmp

Run Build Command:/usr/bin/make "cmTryCompileExec1290450978/fast"
/usr/bin/make -f CMakeFiles/cmTryCompileExec1290450978.dir/build.make CMakeFiles/cmTryCompileExec1290450978.dir/build
make: Warning: File `Makefile' has modification time 0.97 s in the future
make[1]: Entering directory `/home/nknapp/dfnworks-main/inp_2_vtk/VTK-7.1.0/CMakeFiles/CMakeTmp'
make[1]: Warning: File `CMakeFiles/cmTryCompileExec1290450978.dir/flags.make' has modification time 0.96 s in the future
/usr/bin/cmake -E cmake_progress_report /home/nknapp/dfnworks-main/inp_2_vtk/VTK-7.1.0/CMakeFiles/CMakeTmp/CMakeFiles 1
Building C object CMakeFiles/cmTryCompileExec1290450978.dir/CheckSymbolExists.c.o
/usr/bin/cc    -o CMakeFiles/cmTryCompileExec1290450978.dir/CheckSymbolExists.c.o   -c /home/nknapp/dfnworks-main/inp_2_vtk/VTK-7.1.0/CMakeFiles/CMakeTmp/CheckSymbolExists.c
Linking C executable cmTryCompileExec1290450978
/usr/bin/cmake -E cmake_link_script CMakeFiles/cmTryCompileExec1290450978.dir/link.txt --verbose=1
/usr/bin/cc        CMakeFiles/cmTryCompileExec1290450978.dir/CheckSymbolExists.c.o  -o cmTryCompileExec1290450978 -rdynamic 
CMakeFiles/cmTryCompileExec1290450978.dir/CheckSymbolExists.c.o: In function `main':
CheckSymbolExists.c:(.text+0x16): undefined reference to `pthread_create'
collect2: error: ld returned 1 exit status
make[1]: *** [cmTryCompileExec1290450978] Error 1
make[1]: Leaving directory `/home/nknapp/dfnworks-main/inp_2_vtk/VTK-7.1.0/CMakeFiles/CMakeTmp'
make: *** [cmTryCompileExec1290450978/fast] Error 2

File /home/nknapp/dfnworks-main/inp_2_vtk/VTK-7.1.0/CMakeFiles/CMakeTmp/CheckSymbolExists.c:
/* */
#include <pthread.h>

int main(int argc, char** argv)
{
  (void)argv;
#ifndef pthread_create
  return ((int*)(&pthread_create))[argc];
#else
  (void)argc;
  return 0;
#endif
}

Determining if the function pthread_create exists in the pthreads failed with the following output:
Change Dir: /home/nknapp/dfnworks-main/inp_2_vtk/VTK-7.1.0/CMakeFiles/CMakeTmp

Run Build Command:/usr/bin/make "cmTryCompileExec572021817/fast"
make: Warning: File `Makefile' has modification time 0.97 s in the future
/usr/bin/make -f CMakeFiles/cmTryCompileExec572021817.dir/build.make CMakeFiles/cmTryCompileExec572021817.dir/build
make[1]: Entering directory `/home/nknapp/dfnworks-main/inp_2_vtk/VTK-7.1.0/CMakeFiles/CMakeTmp'
make[1]: Warning: File `CMakeFiles/cmTryCompileExec572021817.dir/flags.make' has modification time 0.96 s in the future
/usr/bin/cmake -E cmake_progress_report /home/nknapp/dfnworks-main/inp_2_vtk/VTK-7.1.0/CMakeFiles/CMakeTmp/CMakeFiles 1
Building C object CMakeFiles/cmTryCompileExec572021817.dir/CheckFunctionExists.c.o
/usr/bin/cc   -DCHECK_FUNCTION_EXISTS=pthread_create   -o CMakeFiles/cmTryCompileExec572021817.dir/CheckFunctionExists.c.o   -c /usr/share/cmake-2.8/Modules/CheckFunctionExists.c
Linking C executable cmTryCompileExec572021817
/usr/bin/cmake -E cmake_link_script CMakeFiles/cmTryCompileExec572021817.dir/link.txt --verbose=1
/usr/bin/cc    -DCHECK_FUNCTION_EXISTS=pthread_create    CMakeFiles/cmTryCompileExec572021817.dir/CheckFunctionExists.c.o  -o cmTryCompileExec572021817 -rdynamic -lpthreads 
/usr/bin/ld: cannot find -lpthreads
collect2: error: ld returned 1 exit status
make[1]: *** [cmTryCompileExec572021817] Error 1
make[1]: Leaving directory `/home/nknapp/dfnworks-main/inp_2_vtk/VTK-7.1.0/CMakeFiles/CMakeTmp'
make: *** [cmTryCompileExec572021817/fast] Error 2


Determining if the function getsockname exists in the socket failed with the following output:
Change Dir: /home/nknapp/dfnworks-main/inp_2_vtk/VTK-7.1.0/CMakeFiles/CMakeTmp

Run Build Command:/usr/bin/make "cmTryCompileExec1074950216/fast"
make: Warning: File `Makefile' has modification time 0.96 s in the future
/usr/bin/make -f CMakeFiles/cmTryCompileExec1074950216.dir/build.make CMakeFiles/cmTryCompileExec1074950216.dir/build
make[1]: Entering directory `/home/nknapp/dfnworks-main/inp_2_vtk/VTK-7.1.0/CMakeFiles/CMakeTmp'
make[1]: Warning: File `CMakeFiles/cmTryCompileExec1074950216.dir/flags.make' has modification time 0.94 s in the future
/usr/bin/cmake -E cmake_progress_report /home/nknapp/dfnworks-main/inp_2_vtk/VTK-7.1.0/CMakeFiles/CMakeTmp/CMakeFiles 1
Building C object CMakeFiles/cmTryCompileExec1074950216.dir/CheckFunctionExists.c.o
/usr/bin/cc   -DCHECK_FUNCTION_EXISTS=getsockname   -o CMakeFiles/cmTryCompileExec1074950216.dir/CheckFunctionExists.c.o   -c /usr/share/cmake-2.8/Modules/CheckFunctionExists.c
Linking C executable cmTryCompileExec1074950216
/usr/bin/cmake -E cmake_link_script CMakeFiles/cmTryCompileExec1074950216.dir/link.txt --verbose=1
/usr/bin/cc    -DCHECK_FUNCTION_EXISTS=getsockname    CMakeFiles/cmTryCompileExec1074950216.dir/CheckFunctionExists.c.o  -o cmTryCompileExec1074950216 -rdynamic -lsocket 
/usr/bin/ld: cannot find -lsocket
collect2: error: ld returned 1 exit status
make[1]: *** [cmTryCompileExec1074950216] Error 1
make[1]: Leaving directory `/home/nknapp/dfnworks-main/inp_2_vtk/VTK-7.1.0/CMakeFiles/CMakeTmp'
make: *** [cmTryCompileExec1074950216/fast] Error 2


Checking whether C++ compiler has '__int64' failed to compile with the following output:
Change Dir: /home/nknapp/dfnworks-main/inp_2_vtk/VTK-7.1.0/Utilities/KWSys/vtksys/CMakeFiles/CMakeTmp

Run Build Command:/usr/bin/make "cmTryCompileExec2204217917/fast"
make: Warning: File `Makefile' has modification time 0.95 s in the future
/usr/bin/make -f CMakeFiles/cmTryCompileExec2204217917.dir/build.make CMakeFiles/cmTryCompileExec2204217917.dir/build
make[1]: Entering directory `/home/nknapp/dfnworks-main/inp_2_vtk/VTK-7.1.0/Utilities/KWSys/vtksys/CMakeFiles/CMakeTmp'
make[1]: Warning: File `CMakeFiles/cmTryCompileExec2204217917.dir/flags.make' has modification time 0.95 s in the future
/usr/bin/cmake -E cmake_progress_report /home/nknapp/dfnworks-main/inp_2_vtk/VTK-7.1.0/Utilities/KWSys/vtksys/CMakeFiles/CMakeTmp/CMakeFiles 1
Building CXX object CMakeFiles/cmTryCompileExec2204217917.dir/kwsysPlatformTestsCXX.cxx.o
/usr/bin/c++   -DTEST_KWSYS_CXX_HAS___INT64  -o CMakeFiles/cmTryCompileExec2204217917.dir/kwsysPlatformTestsCXX.cxx.o -c /home/nknapp/dfnworks-main/inp_2_vtk/VTK-7.1.0/Utilities/KWSys/vtksys/kwsysPlatformTestsCXX.cxx
/home/nknapp/dfnworks-main/inp_2_vtk/VTK-7.1.0/Utilities/KWSys/vtksys/kwsysPlatformTestsCXX.cxx:27:1: error: ‘__int64’ does not name a type
 __int64 f(__int64 n) { return n; }
 ^
/home/nknapp/dfnworks-main/inp_2_vtk/VTK-7.1.0/Utilities/KWSys/vtksys/kwsysPlatformTestsCXX.cxx: In function ‘int main()’:
/home/nknapp/dfnworks-main/inp_2_vtk/VTK-7.1.0/Utilities/KWSys/vtksys/kwsysPlatformTestsCXX.cxx:30:3: error: ‘__int64’ was not declared in this scope
   __int64 n = 0;
   ^
/home/nknapp/dfnworks-main/inp_2_vtk/VTK-7.1.0/Utilities/KWSys/vtksys/kwsysPlatformTestsCXX.cxx:30:11: error: expected ‘;’ before ‘n’
   __int64 n = 0;
           ^
/home/nknapp/dfnworks-main/inp_2_vtk/VTK-7.1.0/Utilities/KWSys/vtksys/kwsysPlatformTestsCXX.cxx:31:29: error: ‘n’ was not declared in this scope
   return static_cast<int>(f(n));
                             ^
/home/nknapp/dfnworks-main/inp_2_vtk/VTK-7.1.0/Utilities/KWSys/vtksys/kwsysPlatformTestsCXX.cxx:31:30: error: ‘f’ was not declared in this scope
   return static_cast<int>(f(n));
                              ^
make[1]: *** [CMakeFiles/cmTryCompileExec2204217917.dir/kwsysPlatformTestsCXX.cxx.o] Error 1
make[1]: Leaving directory `/home/nknapp/dfnworks-main/inp_2_vtk/VTK-7.1.0/Utilities/KWSys/vtksys/CMakeFiles/CMakeTmp'
make: *** [cmTryCompileExec2204217917/fast] Error 2


Checking whether CXX compiler has environ in stdlib.h failed to compile with the following output:
Change Dir: /home/nknapp/dfnworks-main/inp_2_vtk/VTK-7.1.0/Utilities/KWSys/vtksys/CMakeFiles/CMakeTmp

Run Build Command:/usr/bin/make "cmTryCompileExec418355919/fast"
make: Warning: File `Makefile' has modification time 0.96 s in the future
/usr/bin/make -f CMakeFiles/cmTryCompileExec418355919.dir/build.make CMakeFiles/cmTryCompileExec418355919.dir/build
make[1]: Entering directory `/home/nknapp/dfnworks-main/inp_2_vtk/VTK-7.1.0/Utilities/KWSys/vtksys/CMakeFiles/CMakeTmp'
make[1]: Warning: File `CMakeFiles/cmTryCompileExec418355919.dir/flags.make' has modification time 0.95 s in the future
/usr/bin/cmake -E cmake_progress_report /home/nknapp/dfnworks-main/inp_2_vtk/VTK-7.1.0/Utilities/KWSys/vtksys/CMakeFiles/CMakeTmp/CMakeFiles 1
Building CXX object CMakeFiles/cmTryCompileExec418355919.dir/kwsysPlatformTestsCXX.cxx.o
/usr/bin/c++   -DTEST_KWSYS_CXX_HAS_ENVIRON_IN_STDLIB_H  -o CMakeFiles/cmTryCompileExec418355919.dir/kwsysPlatformTestsCXX.cxx.o -c /home/nknapp/dfnworks-main/inp_2_vtk/VTK-7.1.0/Utilities/KWSys/vtksys/kwsysPlatformTestsCXX.cxx
/home/nknapp/dfnworks-main/inp_2_vtk/VTK-7.1.0/Utilities/KWSys/vtksys/kwsysPlatformTestsCXX.cxx: In function ‘int main()’:
/home/nknapp/dfnworks-main/inp_2_vtk/VTK-7.1.0/Utilities/KWSys/vtksys/kwsysPlatformTestsCXX.cxx:189:13: error: ‘environ’ was not declared in this scope
   char* e = environ[0];
             ^
make[1]: *** [CMakeFiles/cmTryCompileExec418355919.dir/kwsysPlatformTestsCXX.cxx.o] Error 1
make[1]: Leaving directory `/home/nknapp/dfnworks-main/inp_2_vtk/VTK-7.1.0/Utilities/KWSys/vtksys/CMakeFiles/CMakeTmp'
make: *** [cmTryCompileExec418355919/fast] Error 2


Checking whether CXX compiler struct stat has st_mtimespec member failed to compile with the following output:
Change Dir: /home/nknapp/dfnworks-main/inp_2_vtk/VTK-7.1.0/Utilities/KWSys/vtksys/CMakeFiles/CMakeTmp

Run Build Command:/usr/bin/make "cmTryCompileExec1191806471/fast"
/usr/bin/make -f CMakeFiles/cmTryCompileExec1191806471.dir/build.make CMakeFiles/cmTryCompileExec1191806471.dir/build
make: Warning: File `Makefile' has modification time 0.97 s in the future
make[1]: Entering directory `/home/nknapp/dfnworks-main/inp_2_vtk/VTK-7.1.0/Utilities/KWSys/vtksys/CMakeFiles/CMakeTmp'
make[1]: Warning: File `CMakeFiles/cmTryCompileExec1191806471.dir/flags.make' has modification time 0.95 s in the future
/usr/bin/cmake -E cmake_progress_report /home/nknapp/dfnworks-main/inp_2_vtk/VTK-7.1.0/Utilities/KWSys/vtksys/CMakeFiles/CMakeTmp/CMakeFiles 1
Building CXX object CMakeFiles/cmTryCompileExec1191806471.dir/kwsysPlatformTestsCXX.cxx.o
/usr/bin/c++   -DTEST_KWSYS_CXX_STAT_HAS_ST_MTIMESPEC  -o CMakeFiles/cmTryCompileExec1191806471.dir/kwsysPlatformTestsCXX.cxx.o -c /home/nknapp/dfnworks-main/inp_2_vtk/VTK-7.1.0/Utilities/KWSys/vtksys/kwsysPlatformTestsCXX.cxx
/home/nknapp/dfnworks-main/inp_2_vtk/VTK-7.1.0/Utilities/KWSys/vtksys/kwsysPlatformTestsCXX.cxx: In function ‘int main()’:
/home/nknapp/dfnworks-main/inp_2_vtk/VTK-7.1.0/Utilities/KWSys/vtksys/kwsysPlatformTestsCXX.cxx:55:15: error: ‘struct stat’ has no member named ‘st_mtimespec’
   (void)stat1.st_mtimespec.tv_sec;
               ^
/home/nknapp/dfnworks-main/inp_2_vtk/VTK-7.1.0/Utilities/KWSys/vtksys/kwsysPlatformTestsCXX.cxx:56:15: error: ‘struct stat’ has no member named ‘st_mtimespec’
   (void)stat1.st_mtimespec.tv_nsec;
               ^
make[1]: *** [CMakeFiles/cmTryCompileExec1191806471.dir/kwsysPlatformTestsCXX.cxx.o] Error 1
make[1]: Leaving directory `/home/nknapp/dfnworks-main/inp_2_vtk/VTK-7.1.0/Utilities/KWSys/vtksys/CMakeFiles/CMakeTmp'
make: *** [cmTryCompileExec1191806471/fast] Error 2


Checking whether CXX compiler has _atoi64 failed to compile with the following output:
Change Dir: /home/nknapp/dfnworks-main/inp_2_vtk/VTK-7.1.0/Utilities/KWSys/vtksys/CMakeFiles/CMakeTmp

Run Build Command:/usr/bin/make "cmTryCompileExec1515713146/fast"
make: Warning: File `Makefile' has modification time 0.96 s in the future
/usr/bin/make -f CMakeFiles/cmTryCompileExec1515713146.dir/build.make CMakeFiles/cmTryCompileExec1515713146.dir/build
make[1]: Entering directory `/home/nknapp/dfnworks-main/inp_2_vtk/VTK-7.1.0/Utilities/KWSys/vtksys/CMakeFiles/CMakeTmp'
make[1]: Warning: File `CMakeFiles/cmTryCompileExec1515713146.dir/flags.make' has modification time 0.95 s in the future
/usr/bin/cmake -E cmake_progress_report /home/nknapp/dfnworks-main/inp_2_vtk/VTK-7.1.0/Utilities/KWSys/vtksys/CMakeFiles/CMakeTmp/CMakeFiles 1
Building CXX object CMakeFiles/cmTryCompileExec1515713146.dir/kwsysPlatformTestsCXX.cxx.o
/usr/bin/c++   -DTEST_KWSYS_CXX_HAS__ATOI64  -o CMakeFiles/cmTryCompileExec1515713146.dir/kwsysPlatformTestsCXX.cxx.o -c /home/nknapp/dfnworks-main/inp_2_vtk/VTK-7.1.0/Utilities/KWSys/vtksys/kwsysPlatformTestsCXX.cxx
/home/nknapp/dfnworks-main/inp_2_vtk/VTK-7.1.0/Utilities/KWSys/vtksys/kwsysPlatformTestsCXX.cxx: In function ‘int main()’:
/home/nknapp/dfnworks-main/inp_2_vtk/VTK-7.1.0/Utilities/KWSys/vtksys/kwsysPlatformTestsCXX.cxx:245:38: error: ‘_atoi64’ was not declared in this scope
   return static_cast<int>(_atoi64(str));
                                      ^
make[1]: *** [CMakeFiles/cmTryCompileExec1515713146.dir/kwsysPlatformTestsCXX.cxx.o] Error 1
make[1]: Leaving directory `/home/nknapp/dfnworks-main/inp_2_vtk/VTK-7.1.0/Utilities/KWSys/vtksys/CMakeFiles/CMakeTmp'
make: *** [cmTryCompileExec1515713146/fast] Error 2


Determining if the include file io.h exists failed with the following output:
Change Dir: /home/nknapp/dfnworks-main/inp_2_vtk/VTK-7.1.0/CMakeFiles/CMakeTmp

Run Build Command:/usr/bin/make "cmTryCompileExec1871702858/fast"
make: Warning: File `Makefile' has modification time 0.96 s in the future
/usr/bin/make -f CMakeFiles/cmTryCompileExec1871702858.dir/build.make CMakeFiles/cmTryCompileExec1871702858.dir/build
make[1]: Entering directory `/home/nknapp/dfnworks-main/inp_2_vtk/VTK-7.1.0/CMakeFiles/CMakeTmp'
make[1]: Warning: File `CMakeFiles/cmTryCompileExec1871702858.dir/flags.make' has modification time 0.95 s in the future
/usr/bin/cmake -E cmake_progress_report /home/nknapp/dfnworks-main/inp_2_vtk/VTK-7.1.0/CMakeFiles/CMakeTmp/CMakeFiles 1
Building C object CMakeFiles/cmTryCompileExec1871702858.dir/CheckIncludeFile.c.o
/usr/bin/cc   -w -w -Wall -Winline -W -Wformat-security -Wpointer-arith -Wdisabled-optimization -Wno-unknown-pragmas -Wdeclaration-after-statement -fstrict-aliasing    -o CMakeFiles/cmTryCompileExec1871702858.dir/CheckIncludeFile.c.o   -c /home/nknapp/dfnworks-main/inp_2_vtk/VTK-7.1.0/CMakeFiles/CMakeTmp/CheckIncludeFile.c
/home/nknapp/dfnworks-main/inp_2_vtk/VTK-7.1.0/CMakeFiles/CMakeTmp/CheckIncludeFile.c:1:16: fatal error: io.h: No such file or directory
 #include <io.h>
                ^
compilation terminated.
make[1]: Leaving directory `/home/nknapp/dfnworks-main/inp_2_vtk/VTK-7.1.0/CMakeFiles/CMakeTmp'
make[1]: *** [CMakeFiles/cmTryCompileExec1871702858.dir/CheckIncludeFile.c.o] Error 1
make: *** [cmTryCompileExec1871702858/fast] Error 2


Determining size of INT8 failed with the following output:
Change Dir: /home/nknapp/dfnworks-main/inp_2_vtk/VTK-7.1.0/CMakeFiles/CMakeTmp

Run Build Command:/usr/bin/make "cmTryCompileExec3697585729/fast"
/usr/bin/make -f CMakeFiles/cmTryCompileExec3697585729.dir/build.make CMakeFiles/cmTryCompileExec3697585729.dir/build
make: Warning: File `Makefile' has modification time 0.97 s in the future
make[1]: Entering directory `/home/nknapp/dfnworks-main/inp_2_vtk/VTK-7.1.0/CMakeFiles/CMakeTmp'
make[1]: Warning: File `CMakeFiles/cmTryCompileExec3697585729.dir/flags.make' has modification time 0.96 s in the future
/usr/bin/cmake -E cmake_progress_report /home/nknapp/dfnworks-main/inp_2_vtk/VTK-7.1.0/CMakeFiles/CMakeTmp/CMakeFiles 1
Building C object CMakeFiles/cmTryCompileExec3697585729.dir/int8.c.o
/usr/bin/cc   -w -w -Wall -Winline -W -Wformat-security -Wpointer-arith -Wdisabled-optimization -Wno-unknown-pragmas -Wdeclaration-after-statement -fstrict-aliasing    -o CMakeFiles/cmTryCompileExec3697585729.dir/int8.c.o   -c /home/nknapp/dfnworks-main/inp_2_vtk/VTK-7.1.0/CMakeFiles/CheckTypeSize/int8.c
/home/nknapp/dfnworks-main/inp_2_vtk/VTK-7.1.0/CMakeFiles/CheckTypeSize/int8.c:17:22: error: ‘INT8’ undeclared here (not in a function)
 #define SIZE (sizeof(INT8))
                      ^
/home/nknapp/dfnworks-main/inp_2_vtk/VTK-7.1.0/CMakeFiles/CheckTypeSize/int8.c:19:12: note: in expansion of macro ‘SIZE’
   ('0' + ((SIZE / 10000)%10)),
            ^
make[1]: *** [CMakeFiles/cmTryCompileExec3697585729.dir/int8.c.o] Error 1
make[1]: Leaving directory `/home/nknapp/dfnworks-main/inp_2_vtk/VTK-7.1.0/CMakeFiles/CMakeTmp'
make: *** [cmTryCompileExec3697585729/fast] Error 2

/home/nknapp/dfnworks-main/inp_2_vtk/VTK-7.1.0/CMakeFiles/CheckTypeSize/int8.c:
#include <sys/types.h>
#include <stdint.h>
#include <stddef.h>


#undef KEY
#if defined(__i386)
# define KEY '_','_','i','3','8','6'
#elif defined(__x86_64)
# define KEY '_','_','x','8','6','_','6','4'
#elif defined(__ppc__)
# define KEY '_','_','p','p','c','_','_'
#elif defined(__ppc64__)
# define KEY '_','_','p','p','c','6','4','_','_'
#endif

#define SIZE (sizeof(INT8))
char info_size[] =  {'I', 'N', 'F', 'O', ':', 's','i','z','e','[',
  ('0' + ((SIZE / 10000)%10)),
  ('0' + ((SIZE / 1000)%10)),
  ('0' + ((SIZE / 100)%10)),
  ('0' + ((SIZE / 10)%10)),
  ('0' +  (SIZE    % 10)),
  ']',
#ifdef KEY
  ' ','k','e','y','[', KEY, ']',
#endif
  '\0'};

#ifdef __CLASSIC_C__
int main(argc, argv) int argc; char *argv[];
#else
int main(int argc, char *argv[])
#endif
{
  int require = 0;
  require += info_size[argc];
  (void)argv;
  return require;
}


Determining size of INT16 failed with the following output:
Change Dir: /home/nknapp/dfnworks-main/inp_2_vtk/VTK-7.1.0/CMakeFiles/CMakeTmp

Run Build Command:/usr/bin/make "cmTryCompileExec2186576512/fast"
make: Warning: File `Makefile' has modification time 0.97 s in the future
/usr/bin/make -f CMakeFiles/cmTryCompileExec2186576512.dir/build.make CMakeFiles/cmTryCompileExec2186576512.dir/build
make[1]: Entering directory `/home/nknapp/dfnworks-main/inp_2_vtk/VTK-7.1.0/CMakeFiles/CMakeTmp'
make[1]: Warning: File `CMakeFiles/cmTryCompileExec2186576512.dir/flags.make' has modification time 0.96 s in the future
/usr/bin/cmake -E cmake_progress_report /home/nknapp/dfnworks-main/inp_2_vtk/VTK-7.1.0/CMakeFiles/CMakeTmp/CMakeFiles 1
Building C object CMakeFiles/cmTryCompileExec2186576512.dir/int16.c.o
/usr/bin/cc   -w -w -Wall -Winline -W -Wformat-security -Wpointer-arith -Wdisabled-optimization -Wno-unknown-pragmas -Wdeclaration-after-statement -fstrict-aliasing    -o CMakeFiles/cmTryCompileExec2186576512.dir/int16.c.o   -c /home/nknapp/dfnworks-main/inp_2_vtk/VTK-7.1.0/CMakeFiles/CheckTypeSize/int16.c
/home/nknapp/dfnworks-main/inp_2_vtk/VTK-7.1.0/CMakeFiles/CheckTypeSize/int16.c:17:22: error: ‘INT16’ undeclared here (not in a function)
 #define SIZE (sizeof(INT16))
                      ^
/home/nknapp/dfnworks-main/inp_2_vtk/VTK-7.1.0/CMakeFiles/CheckTypeSize/int16.c:19:12: note: in expansion of macro ‘SIZE’
   ('0' + ((SIZE / 10000)%10)),
            ^
make[1]: *** [CMakeFiles/cmTryCompileExec2186576512.dir/int16.c.o] Error 1
make[1]: Leaving directory `/home/nknapp/dfnworks-main/inp_2_vtk/VTK-7.1.0/CMakeFiles/CMakeTmp'
make: *** [cmTryCompileExec2186576512/fast] Error 2

/home/nknapp/dfnworks-main/inp_2_vtk/VTK-7.1.0/CMakeFiles/CheckTypeSize/int16.c:
#include <sys/types.h>
#include <stdint.h>
#include <stddef.h>


#undef KEY
#if defined(__i386)
# define KEY '_','_','i','3','8','6'
#elif defined(__x86_64)
# define KEY '_','_','x','8','6','_','6','4'
#elif defined(__ppc__)
# define KEY '_','_','p','p','c','_','_'
#elif defined(__ppc64__)
# define KEY '_','_','p','p','c','6','4','_','_'
#endif

#define SIZE (sizeof(INT16))
char info_size[] =  {'I', 'N', 'F', 'O', ':', 's','i','z','e','[',
  ('0' + ((SIZE / 10000)%10)),
  ('0' + ((SIZE / 1000)%10)),
  ('0' + ((SIZE / 100)%10)),
  ('0' + ((SIZE / 10)%10)),
  ('0' +  (SIZE    % 10)),
  ']',
#ifdef KEY
  ' ','k','e','y','[', KEY, ']',
#endif
  '\0'};

#ifdef __CLASSIC_C__
int main(argc, argv) int argc; char *argv[];
#else
int main(int argc, char *argv[])
#endif
{
  int require = 0;
  require += info_size[argc];
  (void)argv;
  return require;
}


Determining size of INT32 failed with the following output:
Change Dir: /home/nknapp/dfnworks-main/inp_2_vtk/VTK-7.1.0/CMakeFiles/CMakeTmp

Run Build Command:/usr/bin/make "cmTryCompileExec1144200969/fast"
make: Warning: File `Makefile' has modification time 0.96 s in the future
/usr/bin/make -f CMakeFiles/cmTryCompileExec1144200969.dir/build.make CMakeFiles/cmTryCompileExec1144200969.dir/build
make[1]: Entering directory `/home/nknapp/dfnworks-main/inp_2_vtk/VTK-7.1.0/CMakeFiles/CMakeTmp'
make[1]: Warning: File `CMakeFiles/cmTryCompileExec1144200969.dir/flags.make' has modification time 0.95 s in the future
/usr/bin/cmake -E cmake_progress_report /home/nknapp/dfnworks-main/inp_2_vtk/VTK-7.1.0/CMakeFiles/CMakeTmp/CMakeFiles 1
Building C object CMakeFiles/cmTryCompileExec1144200969.dir/int32.c.o
/usr/bin/cc   -w -w -Wall -Winline -W -Wformat-security -Wpointer-arith -Wdisabled-optimization -Wno-unknown-pragmas -Wdeclaration-after-statement -fstrict-aliasing    -o CMakeFiles/cmTryCompileExec1144200969.dir/int32.c.o   -c /home/nknapp/dfnworks-main/inp_2_vtk/VTK-7.1.0/CMakeFiles/CheckTypeSize/int32.c
/home/nknapp/dfnworks-main/inp_2_vtk/VTK-7.1.0/CMakeFiles/CheckTypeSize/int32.c:17:22: error: ‘INT32’ undeclared here (not in a function)
 #define SIZE (sizeof(INT32))
                      ^
/home/nknapp/dfnworks-main/inp_2_vtk/VTK-7.1.0/CMakeFiles/CheckTypeSize/int32.c:19:12: note: in expansion of macro ‘SIZE’
   ('0' + ((SIZE / 10000)%10)),
            ^
make[1]: Leaving directory `/home/nknapp/dfnworks-main/inp_2_vtk/VTK-7.1.0/CMakeFiles/CMakeTmp'
make[1]: *** [CMakeFiles/cmTryCompileExec1144200969.dir/int32.c.o] Error 1
make: *** [cmTryCompileExec1144200969/fast] Error 2

/home/nknapp/dfnworks-main/inp_2_vtk/VTK-7.1.0/CMakeFiles/CheckTypeSize/int32.c:
#include <sys/types.h>
#include <stdint.h>
#include <stddef.h>


#undef KEY
#if defined(__i386)
# define KEY '_','_','i','3','8','6'
#elif defined(__x86_64)
# define KEY '_','_','x','8','6','_','6','4'
#elif defined(__ppc__)
# define KEY '_','_','p','p','c','_','_'
#elif defined(__ppc64__)
# define KEY '_','_','p','p','c','6','4','_','_'
#endif

#define SIZE (sizeof(INT32))
char info_size[] =  {'I', 'N', 'F', 'O', ':', 's','i','z','e','[',
  ('0' + ((SIZE / 10000)%10)),
  ('0' + ((SIZE / 1000)%10)),
  ('0' + ((SIZE / 100)%10)),
  ('0' + ((SIZE / 10)%10)),
  ('0' +  (SIZE    % 10)),
  ']',
#ifdef KEY
  ' ','k','e','y','[', KEY, ']',
#endif
  '\0'};

#ifdef __CLASSIC_C__
int main(argc, argv) int argc; char *argv[];
#else
int main(int argc, char *argv[])
#endif
{
  int require = 0;
  require += info_size[argc];
  (void)argv;
  return require;
}


Determining if the function setmode exists failed with the following output:
Change Dir: /home/nknapp/dfnworks-main/inp_2_vtk/VTK-7.1.0/CMakeFiles/CMakeTmp

Run Build Command:/usr/bin/make "cmTryCompileExec1134537154/fast"
make: Warning: File `Makefile' has modification time 0.96 s in the future
/usr/bin/make -f CMakeFiles/cmTryCompileExec1134537154.dir/build.make CMakeFiles/cmTryCompileExec1134537154.dir/build
make[1]: Entering directory `/home/nknapp/dfnworks-main/inp_2_vtk/VTK-7.1.0/CMakeFiles/CMakeTmp'
make[1]: Warning: File `CMakeFiles/cmTryCompileExec1134537154.dir/flags.make' has modification time 0.95 s in the future
/usr/bin/cmake -E cmake_progress_report /home/nknapp/dfnworks-main/inp_2_vtk/VTK-7.1.0/CMakeFiles/CMakeTmp/CMakeFiles 1
Building C object CMakeFiles/cmTryCompileExec1134537154.dir/CheckFunctionExists.c.o
/usr/bin/cc   -w -w -Wall -Winline -W -Wformat-security -Wpointer-arith -Wdisabled-optimization -Wno-unknown-pragmas -Wdeclaration-after-statement -fstrict-aliasing -DCHECK_FUNCTION_EXISTS=setmode   -o CMakeFiles/cmTryCompileExec1134537154.dir/CheckFunctionExists.c.o   -c /usr/share/cmake-2.8/Modules/CheckFunctionExists.c
Linking C executable cmTryCompileExec1134537154
/usr/bin/cmake -E cmake_link_script CMakeFiles/cmTryCompileExec1134537154.dir/link.txt --verbose=1
/usr/bin/cc    -w -w -Wall -Winline -W -Wformat-security -Wpointer-arith -Wdisabled-optimization -Wno-unknown-pragmas -Wdeclaration-after-statement -fstrict-aliasing -DCHECK_FUNCTION_EXISTS=setmode    CMakeFiles/cmTryCompileExec1134537154.dir/CheckFunctionExists.c.o  -o cmTryCompileExec1134537154 -rdynamic 
CMakeFiles/cmTryCompileExec1134537154.dir/CheckFunctionExists.c.o: In function `main':
CheckFunctionExists.c:(.text+0x15): undefined reference to `setmode'
collect2: error: ld returned 1 exit status
make[1]: *** [cmTryCompileExec1134537154] Error 1
make[1]: Leaving directory `/home/nknapp/dfnworks-main/inp_2_vtk/VTK-7.1.0/CMakeFiles/CMakeTmp'
make: *** [cmTryCompileExec1134537154/fast] Error 2


Determining if the system is big endian passed with the following output:
Change Dir: /home/nknapp/dfnworks-main/inp_2_vtk/VTK-7.1.0/CMakeFiles/CMakeTmp

Run Build Command:/usr/bin/make "cmTryCompileExec3441985055/fast"
make: Warning: File `Makefile' has modification time 0.95 s in the future
/usr/bin/make -f CMakeFiles/cmTryCompileExec3441985055.dir/build.make CMakeFiles/cmTryCompileExec3441985055.dir/build
make[1]: Entering directory `/home/nknapp/dfnworks-main/inp_2_vtk/VTK-7.1.0/CMakeFiles/CMakeTmp'
make[1]: Warning: File `CMakeFiles/cmTryCompileExec3441985055.dir/flags.make' has modification time 0.94 s in the future
/usr/bin/cmake -E cmake_progress_report /home/nknapp/dfnworks-main/inp_2_vtk/VTK-7.1.0/CMakeFiles/CMakeTmp/CMakeFiles 1
Building C object CMakeFiles/cmTryCompileExec3441985055.dir/TestEndianess.c.o
/usr/bin/cc   -w -w -Wall -Winline -W -Wformat-security -Wpointer-arith -Wdisabled-optimization -Wno-unknown-pragmas -Wdeclaration-after-statement -fstrict-aliasing    -o CMakeFiles/cmTryCompileExec3441985055.dir/TestEndianess.c.o   -c /home/nknapp/dfnworks-main/inp_2_vtk/VTK-7.1.0/CMakeFiles/CMakeTmp/TestEndianess.c
Linking C executable cmTryCompileExec3441985055
/usr/bin/cmake -E cmake_link_script CMakeFiles/cmTryCompileExec3441985055.dir/link.txt --verbose=1
/usr/bin/cc    -w -w -Wall -Winline -W -Wformat-security -Wpointer-arith -Wdisabled-optimization -Wno-unknown-pragmas -Wdeclaration-after-statement -fstrict-aliasing     CMakeFiles/cmTryCompileExec3441985055.dir/TestEndianess.c.o  -o cmTryCompileExec3441985055 -rdynamic 
make[1]: warning:  Clock skew detected.  Your build may be incomplete.
make[1]: Leaving directory `/home/nknapp/dfnworks-main/inp_2_vtk/VTK-7.1.0/CMakeFiles/CMakeTmp'
make: warning:  Clock skew detected.  Your build may be incomplete.

TestEndianess.c:
/* A 16 bit integer is required. */
typedef unsigned short cmakeint16;

/* On a little endian machine, these 16bit ints will give "THIS IS LITTLE ENDIAN."
   On a big endian machine the characters will be exchanged pairwise. */
const cmakeint16 info_little[] =  {0x4854, 0x5349, 0x4920, 0x2053, 0x494c, 0x5454, 0x454c, 0x4520, 0x444e, 0x4149, 0x2e4e, 0x0000};

/* on a big endian machine, these 16bit ints will give "THIS IS BIG ENDIAN."
   On a little endian machine the characters will be exchanged pairwise. */
const cmakeint16 info_big[] =     {0x5448, 0x4953, 0x2049, 0x5320, 0x4249, 0x4720, 0x454e, 0x4449, 0x414e, 0x2e2e, 0x0000};

#ifdef __CLASSIC_C__
int main(argc, argv) int argc; char *argv[];
#else
int main(int argc, char *argv[])
#endif
{
  int require = 0;
  require += info_little[argc];
  require += info_big[argc];
  (void)argv;
  return require;
}


Determining if the function jbg_newlen exists failed with the following output:
Change Dir: /home/nknapp/dfnworks-main/inp_2_vtk/VTK-7.1.0/CMakeFiles/CMakeTmp

Run Build Command:/usr/bin/make "cmTryCompileExec3934646743/fast"
make: Warning: File `Makefile' has modification time 0.95 s in the future
/usr/bin/make -f CMakeFiles/cmTryCompileExec3934646743.dir/build.make CMakeFiles/cmTryCompileExec3934646743.dir/build
make[1]: Entering directory `/home/nknapp/dfnworks-main/inp_2_vtk/VTK-7.1.0/CMakeFiles/CMakeTmp'
make[1]: Warning: File `CMakeFiles/cmTryCompileExec3934646743.dir/flags.make' has modification time 0.94 s in the future
/usr/bin/cmake -E cmake_progress_report /home/nknapp/dfnworks-main/inp_2_vtk/VTK-7.1.0/CMakeFiles/CMakeTmp/CMakeFiles 1
Building C object CMakeFiles/cmTryCompileExec3934646743.dir/CheckFunctionExists.c.o
/usr/bin/cc   -w -w -Wall -Winline -W -Wformat-security -Wpointer-arith -Wdisabled-optimization -Wno-unknown-pragmas -Wdeclaration-after-statement -fstrict-aliasing -DCHECK_FUNCTION_EXISTS=jbg_newlen   -o CMakeFiles/cmTryCompileExec3934646743.dir/CheckFunctionExists.c.o   -c /usr/share/cmake-2.8/Modules/CheckFunctionExists.c
Linking C executable cmTryCompileExec3934646743
/usr/bin/cmake -E cmake_link_script CMakeFiles/cmTryCompileExec3934646743.dir/link.txt --verbose=1
/usr/bin/cc    -w -w -Wall -Winline -W -Wformat-security -Wpointer-arith -Wdisabled-optimization -Wno-unknown-pragmas -Wdeclaration-after-statement -fstrict-aliasing -DCHECK_FUNCTION_EXISTS=jbg_newlen    CMakeFiles/cmTryCompileExec3934646743.dir/CheckFunctionExists.c.o  -o cmTryCompileExec3934646743 -rdynamic 
CMakeFiles/cmTryCompileExec3934646743.dir/CheckFunctionExists.c.o: In function `main':
CheckFunctionExists.c:(.text+0x15): undefined reference to `jbg_newlen'
collect2: error: ld returned 1 exit status
make[1]: *** [cmTryCompileExec3934646743] Error 1
make[1]: Leaving directory `/home/nknapp/dfnworks-main/inp_2_vtk/VTK-7.1.0/CMakeFiles/CMakeTmp'
make: *** [cmTryCompileExec3934646743/fast] Error 2


Determining if files jni.h exist failed with the following output:
Change Dir: /home/nknapp/dfnworks-main/inp_2_vtk/VTK-7.1.0/CMakeFiles/CMakeTmp

Run Build Command:/usr/bin/make "cmTryCompileExec1471046271/fast"
/usr/bin/make -f CMakeFiles/cmTryCompileExec1471046271.dir/build.make CMakeFiles/cmTryCompileExec1471046271.dir/build
make: Warning: File `Makefile' has modification time 0.96 s in the future
make[1]: Entering directory `/home/nknapp/dfnworks-main/inp_2_vtk/VTK-7.1.0/CMakeFiles/CMakeTmp'
make[1]: Warning: File `CMakeFiles/cmTryCompileExec1471046271.dir/flags.make' has modification time 0.95 s in the future
/usr/bin/cmake -E cmake_progress_report /home/nknapp/dfnworks-main/inp_2_vtk/VTK-7.1.0/CMakeFiles/CMakeTmp/CMakeFiles 1
Building C object CMakeFiles/cmTryCompileExec1471046271.dir/CheckIncludeFiles.c.o
/usr/bin/cc   -w -w    -o CMakeFiles/cmTryCompileExec1471046271.dir/CheckIncludeFiles.c.o   -c /home/nknapp/dfnworks-main/inp_2_vtk/VTK-7.1.0/CMakeFiles/CMakeTmp/CheckIncludeFiles.c
/home/nknapp/dfnworks-main/inp_2_vtk/VTK-7.1.0/CMakeFiles/CMakeTmp/CheckIncludeFiles.c:2:17: fatal error: jni.h: No such file or directory
 #include <jni.h>
                 ^
compilation terminated.
make[1]: Leaving directory `/home/nknapp/dfnworks-main/inp_2_vtk/VTK-7.1.0/CMakeFiles/CMakeTmp'
make[1]: *** [CMakeFiles/cmTryCompileExec1471046271.dir/CheckIncludeFiles.c.o] Error 1
make: *** [cmTryCompileExec1471046271/fast] Error 2

Source:
/* */
#include <jni.h>


int main(){return 0;}

Determining if the PTHREAD_MUTEX_RECURSIVE exist failed with the following output:
Change Dir: /home/nknapp/dfnworks-main/inp_2_vtk/VTK-7.1.0/CMakeFiles/CMakeTmp

Run Build Command:/usr/bin/make "cmTryCompileExec1589767285/fast"
make: Warning: File `Makefile' has modification time 0.95 s in the future
/usr/bin/make -f CMakeFiles/cmTryCompileExec1589767285.dir/build.make CMakeFiles/cmTryCompileExec1589767285.dir/build
make[1]: Entering directory `/home/nknapp/dfnworks-main/inp_2_vtk/VTK-7.1.0/CMakeFiles/CMakeTmp'
make[1]: Warning: File `CMakeFiles/cmTryCompileExec1589767285.dir/flags.make' has modification time 0.94 s in the future
/usr/bin/cmake -E cmake_progress_report /home/nknapp/dfnworks-main/inp_2_vtk/VTK-7.1.0/CMakeFiles/CMakeTmp/CMakeFiles 1
Building C object CMakeFiles/cmTryCompileExec1589767285.dir/CheckSymbolExists.c.o
/usr/bin/cc   -w -w    -o CMakeFiles/cmTryCompileExec1589767285.dir/CheckSymbolExists.c.o   -c /home/nknapp/dfnworks-main/inp_2_vtk/VTK-7.1.0/CMakeFiles/CMakeTmp/CheckSymbolExists.c
/home/nknapp/dfnworks-main/inp_2_vtk/VTK-7.1.0/CMakeFiles/CMakeTmp/CheckSymbolExists.c: In function ‘main’:
/home/nknapp/dfnworks-main/inp_2_vtk/VTK-7.1.0/CMakeFiles/CMakeTmp/CheckSymbolExists.c:8:18: error: lvalue required as unary ‘&’ operand
   return ((int*)(&PTHREAD_MUTEX_RECURSIVE))[argc];
                  ^
make[1]: *** [CMakeFiles/cmTryCompileExec1589767285.dir/CheckSymbolExists.c.o] Error 1
make[1]: Leaving directory `/home/nknapp/dfnworks-main/inp_2_vtk/VTK-7.1.0/CMakeFiles/CMakeTmp'
make: *** [cmTryCompileExec1589767285/fast] Error 2

File /home/nknapp/dfnworks-main/inp_2_vtk/VTK-7.1.0/CMakeFiles/CMakeTmp/CheckSymbolExists.c:
/* */
#include <pthread.h>

int main(int argc, char** argv)
{
  (void)argv;
#ifndef PTHREAD_MUTEX_RECURSIVE
  return ((int*)(&PTHREAD_MUTEX_RECURSIVE))[argc];
#else
  (void)argc;
  return 0;
#endif
}

Determining if the function WSAStartup exists in the ws2_32;m;dl failed with the following output:
Change Dir: /home/nknapp/dfnworks-main/inp_2_vtk/VTK-7.1.0/CMakeFiles/CMakeTmp

Run Build Command:/usr/bin/make "cmTryCompileExec2991449708/fast"
/usr/bin/make -f CMakeFiles/cmTryCompileExec2991449708.dir/build.make CMakeFiles/cmTryCompileExec2991449708.dir/build
make: Warning: File `Makefile' has modification time 0.96 s in the future
make[1]: Entering directory `/home/nknapp/dfnworks-main/inp_2_vtk/VTK-7.1.0/CMakeFiles/CMakeTmp'
make[1]: Warning: File `CMakeFiles/cmTryCompileExec2991449708.dir/flags.make' has modification time 0.95 s in the future
/usr/bin/cmake -E cmake_progress_report /home/nknapp/dfnworks-main/inp_2_vtk/VTK-7.1.0/CMakeFiles/CMakeTmp/CMakeFiles 1
Building C object CMakeFiles/cmTryCompileExec2991449708.dir/CheckFunctionExists.c.o
/usr/bin/cc   -w -w -DCHECK_FUNCTION_EXISTS=WSAStartup   -o CMakeFiles/cmTryCompileExec2991449708.dir/CheckFunctionExists.c.o   -c /usr/share/cmake-2.8/Modules/CheckFunctionExists.c
Linking C executable cmTryCompileExec2991449708
/usr/bin/cmake -E cmake_link_script CMakeFiles/cmTryCompileExec2991449708.dir/link.txt --verbose=1
/usr/bin/cc    -w -w -DCHECK_FUNCTION_EXISTS=WSAStartup    CMakeFiles/cmTryCompileExec2991449708.dir/CheckFunctionExists.c.o  -o cmTryCompileExec2991449708 -rdynamic -lws2_32 -lm -ldl 
/usr/bin/ld: cannot find -lws2_32
collect2: error: ld returned 1 exit status
make[1]: *** [cmTryCompileExec2991449708] Error 1
make[1]: Leaving directory `/home/nknapp/dfnworks-main/inp_2_vtk/VTK-7.1.0/CMakeFiles/CMakeTmp'
make: *** [cmTryCompileExec2991449708/fast] Error 2


Determining if the function gethostbyname exists in the wsock32;m;dl failed with the following output:
Change Dir: /home/nknapp/dfnworks-main/inp_2_vtk/VTK-7.1.0/CMakeFiles/CMakeTmp

Run Build Command:/usr/bin/make "cmTryCompileExec2989515792/fast"
/usr/bin/make -f CMakeFiles/cmTryCompileExec2989515792.dir/build.make CMakeFiles/cmTryCompileExec2989515792.dir/build
make: Warning: File `Makefile' has modification time 0.91 s in the future
make[1]: Entering directory `/home/nknapp/dfnworks-main/inp_2_vtk/VTK-7.1.0/CMakeFiles/CMakeTmp'
make[1]: Warning: File `CMakeFiles/cmTryCompileExec2989515792.dir/flags.make' has modification time 0.9 s in the future
/usr/bin/cmake -E cmake_progress_report /home/nknapp/dfnworks-main/inp_2_vtk/VTK-7.1.0/CMakeFiles/CMakeTmp/CMakeFiles 1
Building C object CMakeFiles/cmTryCompileExec2989515792.dir/CheckFunctionExists.c.o
/usr/bin/cc   -w -w -DCHECK_FUNCTION_EXISTS=gethostbyname   -o CMakeFiles/cmTryCompileExec2989515792.dir/CheckFunctionExists.c.o   -c /usr/share/cmake-2.8/Modules/CheckFunctionExists.c
Linking C executable cmTryCompileExec2989515792
/usr/bin/cmake -E cmake_link_script CMakeFiles/cmTryCompileExec2989515792.dir/link.txt --verbose=1
/usr/bin/cc    -w -w -DCHECK_FUNCTION_EXISTS=gethostbyname    CMakeFiles/cmTryCompileExec2989515792.dir/CheckFunctionExists.c.o  -o cmTryCompileExec2989515792 -rdynamic -lwsock32 -lm -ldl 
/usr/bin/ld: cannot find -lwsock32
collect2: error: ld returned 1 exit status
make[1]: *** [cmTryCompileExec2989515792] Error 1
make[1]: Leaving directory `/home/nknapp/dfnworks-main/inp_2_vtk/VTK-7.1.0/CMakeFiles/CMakeTmp'
make: *** [cmTryCompileExec2989515792/fast] Error 2


Determining if the function gethostname exists in the ucb;m;dl failed with the following output:
Change Dir: /home/nknapp/dfnworks-main/inp_2_vtk/VTK-7.1.0/CMakeFiles/CMakeTmp

Run Build Command:/usr/bin/make "cmTryCompileExec4260807670/fast"
make: Warning: File `Makefile' has modification time 0.96 s in the future
/usr/bin/make -f CMakeFiles/cmTryCompileExec4260807670.dir/build.make CMakeFiles/cmTryCompileExec4260807670.dir/build
make[1]: Entering directory `/home/nknapp/dfnworks-main/inp_2_vtk/VTK-7.1.0/CMakeFiles/CMakeTmp'
make[1]: Warning: File `CMakeFiles/cmTryCompileExec4260807670.dir/flags.make' has modification time 0.95 s in the future
/usr/bin/cmake -E cmake_progress_report /home/nknapp/dfnworks-main/inp_2_vtk/VTK-7.1.0/CMakeFiles/CMakeTmp/CMakeFiles 1
Building C object CMakeFiles/cmTryCompileExec4260807670.dir/CheckFunctionExists.c.o
/usr/bin/cc   -w -w -DCHECK_FUNCTION_EXISTS=gethostname   -o CMakeFiles/cmTryCompileExec4260807670.dir/CheckFunctionExists.c.o   -c /usr/share/cmake-2.8/Modules/CheckFunctionExists.c
Linking C executable cmTryCompileExec4260807670
/usr/bin/cmake -E cmake_link_script CMakeFiles/cmTryCompileExec4260807670.dir/link.txt --verbose=1
/usr/bin/cc    -w -w -DCHECK_FUNCTION_EXISTS=gethostname    CMakeFiles/cmTryCompileExec4260807670.dir/CheckFunctionExists.c.o  -o cmTryCompileExec4260807670 -rdynamic -lucb -lm -ldl 
/usr/bin/ld: cannot find -lucb
collect2: error: ld returned 1 exit status
make[1]: *** [cmTryCompileExec4260807670] Error 1
make[1]: Leaving directory `/home/nknapp/dfnworks-main/inp_2_vtk/VTK-7.1.0/CMakeFiles/CMakeTmp'
make: *** [cmTryCompileExec4260807670/fast] Error 2


Determining if the function connect exists in the socket;m;dl failed with the following output:
Change Dir: /home/nknapp/dfnworks-main/inp_2_vtk/VTK-7.1.0/CMakeFiles/CMakeTmp

Run Build Command:/usr/bin/make "cmTryCompileExec1059377286/fast"
make: Warning: File `Makefile' has modification time 0.96 s in the future
/usr/bin/make -f CMakeFiles/cmTryCompileExec1059377286.dir/build.make CMakeFiles/cmTryCompileExec1059377286.dir/build
make[1]: Entering directory `/home/nknapp/dfnworks-main/inp_2_vtk/VTK-7.1.0/CMakeFiles/CMakeTmp'
make[1]: Warning: File `CMakeFiles/cmTryCompileExec1059377286.dir/flags.make' has modification time 0.95 s in the future
/usr/bin/cmake -E cmake_progress_report /home/nknapp/dfnworks-main/inp_2_vtk/VTK-7.1.0/CMakeFiles/CMakeTmp/CMakeFiles 1
Building C object CMakeFiles/cmTryCompileExec1059377286.dir/CheckFunctionExists.c.o
/usr/bin/cc   -w -w -DCHECK_FUNCTION_EXISTS=connect   -o CMakeFiles/cmTryCompileExec1059377286.dir/CheckFunctionExists.c.o   -c /usr/share/cmake-2.8/Modules/CheckFunctionExists.c
Linking C executable cmTryCompileExec1059377286
/usr/bin/cmake -E cmake_link_script CMakeFiles/cmTryCompileExec1059377286.dir/link.txt --verbose=1
/usr/bin/cc    -w -w -DCHECK_FUNCTION_EXISTS=connect    CMakeFiles/cmTryCompileExec1059377286.dir/CheckFunctionExists.c.o  -o cmTryCompileExec1059377286 -rdynamic -lsocket -lm -ldl 
/usr/bin/ld: cannot find -lsocket
collect2: error: ld returned 1 exit status
make[1]: *** [cmTryCompileExec1059377286] Error 1
make[1]: Leaving directory `/home/nknapp/dfnworks-main/inp_2_vtk/VTK-7.1.0/CMakeFiles/CMakeTmp'
make: *** [cmTryCompileExec1059377286/fast] Error 2


Determining if the system is big endian passed with the following output:
Change Dir: /home/nknapp/dfnworks-main/inp_2_vtk/VTK-7.1.0/CMakeFiles/CMakeTmp

Run Build Command:/usr/bin/make "cmTryCompileExec2590334632/fast"
make: Warning: File `Makefile' has modification time 0.96 s in the future
/usr/bin/make -f CMakeFiles/cmTryCompileExec2590334632.dir/build.make CMakeFiles/cmTryCompileExec2590334632.dir/build
make[1]: Entering directory `/home/nknapp/dfnworks-main/inp_2_vtk/VTK-7.1.0/CMakeFiles/CMakeTmp'
make[1]: Warning: File `CMakeFiles/cmTryCompileExec2590334632.dir/flags.make' has modification time 0.95 s in the future
/usr/bin/cmake -E cmake_progress_report /home/nknapp/dfnworks-main/inp_2_vtk/VTK-7.1.0/CMakeFiles/CMakeTmp/CMakeFiles 1
Building C object CMakeFiles/cmTryCompileExec2590334632.dir/TestEndianess.c.o
/usr/bin/cc   -w -w    -o CMakeFiles/cmTryCompileExec2590334632.dir/TestEndianess.c.o   -c /home/nknapp/dfnworks-main/inp_2_vtk/VTK-7.1.0/CMakeFiles/CMakeTmp/TestEndianess.c
Linking C executable cmTryCompileExec2590334632
/usr/bin/cmake -E cmake_link_script CMakeFiles/cmTryCompileExec2590334632.dir/link.txt --verbose=1
/usr/bin/cc    -w -w     CMakeFiles/cmTryCompileExec2590334632.dir/TestEndianess.c.o  -o cmTryCompileExec2590334632 -rdynamic 
make[1]: warning:  Clock skew detected.  Your build may be incomplete.
make[1]: Leaving directory `/home/nknapp/dfnworks-main/inp_2_vtk/VTK-7.1.0/CMakeFiles/CMakeTmp'
make: warning:  Clock skew detected.  Your build may be incomplete.

TestEndianess.c:
/* A 16 bit integer is required. */
typedef unsigned short cmakeint16;

/* On a little endian machine, these 16bit ints will give "THIS IS LITTLE ENDIAN."
   On a big endian machine the characters will be exchanged pairwise. */
const cmakeint16 info_little[] =  {0x4854, 0x5349, 0x4920, 0x2053, 0x494c, 0x5454, 0x454c, 0x4520, 0x444e, 0x4149, 0x2e4e, 0x0000};

/* on a big endian machine, these 16bit ints will give "THIS IS BIG ENDIAN."
   On a little endian machine the characters will be exchanged pairwise. */
const cmakeint16 info_big[] =     {0x5448, 0x4953, 0x2049, 0x5320, 0x4249, 0x4720, 0x454e, 0x4449, 0x414e, 0x2e2e, 0x0000};

#ifdef __CLASSIC_C__
int main(argc, argv) int argc; char *argv[];
#else
int main(int argc, char *argv[])
#endif
{
  int require = 0;
  require += info_little[argc];
  require += info_big[argc];
  (void)argv;
  return require;
}


Determining if the function clock_gettime exists in the posix4 failed with the following output:
Change Dir: /home/nknapp/dfnworks-main/inp_2_vtk/VTK-7.1.0/CMakeFiles/CMakeTmp

Run Build Command:/usr/bin/make "cmTryCompileExec2460452302/fast"
make: Warning: File `Makefile' has modification time 0.96 s in the future
/usr/bin/make -f CMakeFiles/cmTryCompileExec2460452302.dir/build.make CMakeFiles/cmTryCompileExec2460452302.dir/build
make[1]: Entering directory `/home/nknapp/dfnworks-main/inp_2_vtk/VTK-7.1.0/CMakeFiles/CMakeTmp'
make[1]: Warning: File `CMakeFiles/cmTryCompileExec2460452302.dir/flags.make' has modification time 0.95 s in the future
/usr/bin/cmake -E cmake_progress_report /home/nknapp/dfnworks-main/inp_2_vtk/VTK-7.1.0/CMakeFiles/CMakeTmp/CMakeFiles 1
Building C object CMakeFiles/cmTryCompileExec2460452302.dir/CheckFunctionExists.c.o
/usr/bin/cc   -w -w -DCHECK_FUNCTION_EXISTS=clock_gettime   -o CMakeFiles/cmTryCompileExec2460452302.dir/CheckFunctionExists.c.o   -c /usr/share/cmake-2.8/Modules/CheckFunctionExists.c
Linking C executable cmTryCompileExec2460452302
/usr/bin/cmake -E cmake_link_script CMakeFiles/cmTryCompileExec2460452302.dir/link.txt --verbose=1
/usr/bin/cc    -w -w -DCHECK_FUNCTION_EXISTS=clock_gettime    CMakeFiles/cmTryCompileExec2460452302.dir/CheckFunctionExists.c.o  -o cmTryCompileExec2460452302 -rdynamic -lposix4 -lm -ldl 
/usr/bin/ld: cannot find -lposix4
collect2: error: ld returned 1 exit status
make[1]: *** [cmTryCompileExec2460452302] Error 1
make[1]: Leaving directory `/home/nknapp/dfnworks-main/inp_2_vtk/VTK-7.1.0/CMakeFiles/CMakeTmp'
make: *** [cmTryCompileExec2460452302/fast] Error 2


Determining if files sys/resource.h;sys/time.h;unistd.h;sys/ioctl.h;sys/stat.h;sys/socket.h;sys/types.h;stddef.h;setjmp.h;features.h;dirent.h;stdint.h;mach/mach_time.h exist failed with the following output:
Change Dir: /home/nknapp/dfnworks-main/inp_2_vtk/VTK-7.1.0/CMakeFiles/CMakeTmp

Run Build Command:/usr/bin/make "cmTryCompileExec1142414280/fast"
make: Warning: File `Makefile' has modification time 0.95 s in the future
/usr/bin/make -f CMakeFiles/cmTryCompileExec1142414280.dir/build.make CMakeFiles/cmTryCompileExec1142414280.dir/build
make[1]: Entering directory `/home/nknapp/dfnworks-main/inp_2_vtk/VTK-7.1.0/CMakeFiles/CMakeTmp'
make[1]: Warning: File `CMakeFiles/cmTryCompileExec1142414280.dir/flags.make' has modification time 0.94 s in the future
/usr/bin/cmake -E cmake_progress_report /home/nknapp/dfnworks-main/inp_2_vtk/VTK-7.1.0/CMakeFiles/CMakeTmp/CMakeFiles 1
Building C object CMakeFiles/cmTryCompileExec1142414280.dir/CheckIncludeFiles.c.o
/usr/bin/cc   -w -w    -o CMakeFiles/cmTryCompileExec1142414280.dir/CheckIncludeFiles.c.o   -c /home/nknapp/dfnworks-main/inp_2_vtk/VTK-7.1.0/CMakeFiles/CMakeTmp/CheckIncludeFiles.c
/home/nknapp/dfnworks-main/inp_2_vtk/VTK-7.1.0/CMakeFiles/CMakeTmp/CheckIncludeFiles.c:14:28: fatal error: mach/mach_time.h: No such file or directory
 #include <mach/mach_time.h>
                            ^
compilation terminated.
make[1]: *** [CMakeFiles/cmTryCompileExec1142414280.dir/CheckIncludeFiles.c.o] Error 1
make[1]: Leaving directory `/home/nknapp/dfnworks-main/inp_2_vtk/VTK-7.1.0/CMakeFiles/CMakeTmp'
make: *** [cmTryCompileExec1142414280/fast] Error 2

Source:
/* */
#include <sys/resource.h>
#include <sys/time.h>
#include <unistd.h>
#include <sys/ioctl.h>
#include <sys/stat.h>
#include <sys/socket.h>
#include <sys/types.h>
#include <stddef.h>
#include <setjmp.h>
#include <features.h>
#include <dirent.h>
#include <stdint.h>
#include <mach/mach_time.h>


int main(){return 0;}

Determining if files sys/resource.h;sys/time.h;unistd.h;sys/ioctl.h;sys/stat.h;sys/socket.h;sys/types.h;stddef.h;setjmp.h;features.h;dirent.h;stdint.h;io.h exist failed with the following output:
Change Dir: /home/nknapp/dfnworks-main/inp_2_vtk/VTK-7.1.0/CMakeFiles/CMakeTmp

Run Build Command:/usr/bin/make "cmTryCompileExec2507089127/fast"
make: Warning: File `Makefile' has modification time 0.96 s in the future
/usr/bin/make -f CMakeFiles/cmTryCompileExec2507089127.dir/build.make CMakeFiles/cmTryCompileExec2507089127.dir/build
make[1]: Entering directory `/home/nknapp/dfnworks-main/inp_2_vtk/VTK-7.1.0/CMakeFiles/CMakeTmp'
make[1]: Warning: File `CMakeFiles/cmTryCompileExec2507089127.dir/flags.make' has modification time 0.95 s in the future
/usr/bin/cmake -E cmake_progress_report /home/nknapp/dfnworks-main/inp_2_vtk/VTK-7.1.0/CMakeFiles/CMakeTmp/CMakeFiles 1
Building C object CMakeFiles/cmTryCompileExec2507089127.dir/CheckIncludeFiles.c.o
/usr/bin/cc   -w -w    -o CMakeFiles/cmTryCompileExec2507089127.dir/CheckIncludeFiles.c.o   -c /home/nknapp/dfnworks-main/inp_2_vtk/VTK-7.1.0/CMakeFiles/CMakeTmp/CheckIncludeFiles.c
/home/nknapp/dfnworks-main/inp_2_vtk/VTK-7.1.0/CMakeFiles/CMakeTmp/CheckIncludeFiles.c:14:16: fatal error: io.h: No such file or directory
 #include <io.h>
                ^
compilation terminated.
make[1]: *** [CMakeFiles/cmTryCompileExec2507089127.dir/CheckIncludeFiles.c.o] Error 1
make[1]: Leaving directory `/home/nknapp/dfnworks-main/inp_2_vtk/VTK-7.1.0/CMakeFiles/CMakeTmp'
make: *** [cmTryCompileExec2507089127/fast] Error 2

Source:
/* */
#include <sys/resource.h>
#include <sys/time.h>
#include <unistd.h>
#include <sys/ioctl.h>
#include <sys/stat.h>
#include <sys/socket.h>
#include <sys/types.h>
#include <stddef.h>
#include <setjmp.h>
#include <features.h>
#include <dirent.h>
#include <stdint.h>
#include <io.h>


int main(){return 0;}

Determining if files sys/resource.h;sys/time.h;unistd.h;sys/ioctl.h;sys/stat.h;sys/socket.h;sys/types.h;stddef.h;setjmp.h;features.h;dirent.h;stdint.h;winsock2.h exist failed with the following output:
Change Dir: /home/nknapp/dfnworks-main/inp_2_vtk/VTK-7.1.0/CMakeFiles/CMakeTmp

Run Build Command:/usr/bin/make "cmTryCompileExec3970772507/fast"
/usr/bin/make -f CMakeFiles/cmTryCompileExec3970772507.dir/build.make CMakeFiles/cmTryCompileExec3970772507.dir/build
make: Warning: File `Makefile' has modification time 0.96 s in the future
make[1]: Entering directory `/home/nknapp/dfnworks-main/inp_2_vtk/VTK-7.1.0/CMakeFiles/CMakeTmp'
make[1]: Warning: File `CMakeFiles/cmTryCompileExec3970772507.dir/flags.make' has modification time 0.95 s in the future
/usr/bin/cmake -E cmake_progress_report /home/nknapp/dfnworks-main/inp_2_vtk/VTK-7.1.0/CMakeFiles/CMakeTmp/CMakeFiles 1
Building C object CMakeFiles/cmTryCompileExec3970772507.dir/CheckIncludeFiles.c.o
/usr/bin/cc   -w -w    -o CMakeFiles/cmTryCompileExec3970772507.dir/CheckIncludeFiles.c.o   -c /home/nknapp/dfnworks-main/inp_2_vtk/VTK-7.1.0/CMakeFiles/CMakeTmp/CheckIncludeFiles.c
/home/nknapp/dfnworks-main/inp_2_vtk/VTK-7.1.0/CMakeFiles/CMakeTmp/CheckIncludeFiles.c:14:22: fatal error: winsock2.h: No such file or directory
 #include <winsock2.h>
                      ^
compilation terminated.
make[1]: *** [CMakeFiles/cmTryCompileExec3970772507.dir/CheckIncludeFiles.c.o] Error 1
make[1]: Leaving directory `/home/nknapp/dfnworks-main/inp_2_vtk/VTK-7.1.0/CMakeFiles/CMakeTmp'
make: *** [cmTryCompileExec3970772507/fast] Error 2

Source:
/* */
#include <sys/resource.h>
#include <sys/time.h>
#include <unistd.h>
#include <sys/ioctl.h>
#include <sys/stat.h>
#include <sys/socket.h>
#include <sys/types.h>
#include <stddef.h>
#include <setjmp.h>
#include <features.h>
#include <dirent.h>
#include <stdint.h>
#include <winsock2.h>


int main(){return 0;}

Determining if files sys/resource.h;sys/time.h;unistd.h;sys/ioctl.h;sys/stat.h;sys/socket.h;sys/types.h;stddef.h;setjmp.h;features.h;dirent.h;stdint.h;sys/timeb.h;globus/common.h exist failed with the following output:
Change Dir: /home/nknapp/dfnworks-main/inp_2_vtk/VTK-7.1.0/CMakeFiles/CMakeTmp

Run Build Command:/usr/bin/make "cmTryCompileExec3403059126/fast"
make: Warning: File `Makefile' has modification time 0.96 s in the future
/usr/bin/make -f CMakeFiles/cmTryCompileExec3403059126.dir/build.make CMakeFiles/cmTryCompileExec3403059126.dir/build
make[1]: Entering directory `/home/nknapp/dfnworks-main/inp_2_vtk/VTK-7.1.0/CMakeFiles/CMakeTmp'
make[1]: Warning: File `CMakeFiles/cmTryCompileExec3403059126.dir/flags.make' has modification time 0.95 s in the future
/usr/bin/cmake -E cmake_progress_report /home/nknapp/dfnworks-main/inp_2_vtk/VTK-7.1.0/CMakeFiles/CMakeTmp/CMakeFiles 1
Building C object CMakeFiles/cmTryCompileExec3403059126.dir/CheckIncludeFiles.c.o
/usr/bin/cc   -w -w    -o CMakeFiles/cmTryCompileExec3403059126.dir/CheckIncludeFiles.c.o   -c /home/nknapp/dfnworks-main/inp_2_vtk/VTK-7.1.0/CMakeFiles/CMakeTmp/CheckIncludeFiles.c
/home/nknapp/dfnworks-main/inp_2_vtk/VTK-7.1.0/CMakeFiles/CMakeTmp/CheckIncludeFiles.c:15:27: fatal error: globus/common.h: No such file or directory
 #include <globus/common.h>
                           ^
compilation terminated.
make[1]: *** [CMakeFiles/cmTryCompileExec3403059126.dir/CheckIncludeFiles.c.o] Error 1
make[1]: Leaving directory `/home/nknapp/dfnworks-main/inp_2_vtk/VTK-7.1.0/CMakeFiles/CMakeTmp'
make: *** [cmTryCompileExec3403059126/fast] Error 2

Source:
/* */
#include <sys/resource.h>
#include <sys/time.h>
#include <unistd.h>
#include <sys/ioctl.h>
#include <sys/stat.h>
#include <sys/socket.h>
#include <sys/types.h>
#include <stddef.h>
#include <setjmp.h>
#include <features.h>
#include <dirent.h>
#include <stdint.h>
#include <sys/timeb.h>
#include <globus/common.h>


int main(){return 0;}

Determining if files sys/resource.h;sys/time.h;unistd.h;sys/ioctl.h;sys/stat.h;sys/socket.h;sys/types.h;stddef.h;setjmp.h;features.h;dirent.h;stdint.h;sys/timeb.h;pdb.h exist failed with the following output:
Change Dir: /home/nknapp/dfnworks-main/inp_2_vtk/VTK-7.1.0/CMakeFiles/CMakeTmp

Run Build Command:/usr/bin/make "cmTryCompileExec901090008/fast"
make: Warning: File `Makefile' has modification time 0.96 s in the future
/usr/bin/make -f CMakeFiles/cmTryCompileExec901090008.dir/build.make CMakeFiles/cmTryCompileExec901090008.dir/build
make[1]: Entering directory `/home/nknapp/dfnworks-main/inp_2_vtk/VTK-7.1.0/CMakeFiles/CMakeTmp'
make[1]: Warning: File `CMakeFiles/cmTryCompileExec901090008.dir/flags.make' has modification time 0.95 s in the future
/usr/bin/cmake -E cmake_progress_report /home/nknapp/dfnworks-main/inp_2_vtk/VTK-7.1.0/CMakeFiles/CMakeTmp/CMakeFiles 1
Building C object CMakeFiles/cmTryCompileExec901090008.dir/CheckIncludeFiles.c.o
/usr/bin/cc   -w -w    -o CMakeFiles/cmTryCompileExec901090008.dir/CheckIncludeFiles.c.o   -c /home/nknapp/dfnworks-main/inp_2_vtk/VTK-7.1.0/CMakeFiles/CMakeTmp/CheckIncludeFiles.c
/home/nknapp/dfnworks-main/inp_2_vtk/VTK-7.1.0/CMakeFiles/CMakeTmp/CheckIncludeFiles.c:15:17: fatal error: pdb.h: No such file or directory
 #include <pdb.h>
                 ^
compilation terminated.
make[1]: *** [CMakeFiles/cmTryCompileExec901090008.dir/CheckIncludeFiles.c.o] Error 1
make[1]: Leaving directory `/home/nknapp/dfnworks-main/inp_2_vtk/VTK-7.1.0/CMakeFiles/CMakeTmp'
make: *** [cmTryCompileExec901090008/fast] Error 2

Source:
/* */
#include <sys/resource.h>
#include <sys/time.h>
#include <unistd.h>
#include <sys/ioctl.h>
#include <sys/stat.h>
#include <sys/socket.h>
#include <sys/types.h>
#include <stddef.h>
#include <setjmp.h>
#include <features.h>
#include <dirent.h>
#include <stdint.h>
#include <sys/timeb.h>
#include <pdb.h>


int main(){return 0;}

Determining if files sys/resource.h;sys/time.h;unistd.h;sys/ioctl.h;sys/stat.h;sys/socket.h;sys/types.h;stddef.h;setjmp.h;features.h;dirent.h;stdint.h;sys/timeb.h;pthread.h;srbclient.h exist failed with the following output:
Change Dir: /home/nknapp/dfnworks-main/inp_2_vtk/VTK-7.1.0/CMakeFiles/CMakeTmp

Run Build Command:/usr/bin/make "cmTryCompileExec1933038974/fast"
make: Warning: File `Makefile' has modification time 0.95 s in the future
/usr/bin/make -f CMakeFiles/cmTryCompileExec1933038974.dir/build.make CMakeFiles/cmTryCompileExec1933038974.dir/build
make[1]: Entering directory `/home/nknapp/dfnworks-main/inp_2_vtk/VTK-7.1.0/CMakeFiles/CMakeTmp'
make[1]: Warning: File `CMakeFiles/cmTryCompileExec1933038974.dir/flags.make' has modification time 0.94 s in the future
/usr/bin/cmake -E cmake_progress_report /home/nknapp/dfnworks-main/inp_2_vtk/VTK-7.1.0/CMakeFiles/CMakeTmp/CMakeFiles 1
Building C object CMakeFiles/cmTryCompileExec1933038974.dir/CheckIncludeFiles.c.o
/usr/bin/cc   -w -w    -o CMakeFiles/cmTryCompileExec1933038974.dir/CheckIncludeFiles.c.o   -c /home/nknapp/dfnworks-main/inp_2_vtk/VTK-7.1.0/CMakeFiles/CMakeTmp/CheckIncludeFiles.c
/home/nknapp/dfnworks-main/inp_2_vtk/VTK-7.1.0/CMakeFiles/CMakeTmp/CheckIncludeFiles.c:16:23: fatal error: srbclient.h: No such file or directory
 #include <srbclient.h>
                       ^
compilation terminated.
make[1]: *** [CMakeFiles/cmTryCompileExec1933038974.dir/CheckIncludeFiles.c.o] Error 1
make[1]: Leaving directory `/home/nknapp/dfnworks-main/inp_2_vtk/VTK-7.1.0/CMakeFiles/CMakeTmp'
make: *** [cmTryCompileExec1933038974/fast] Error 2

Source:
/* */
#include <sys/resource.h>
#include <sys/time.h>
#include <unistd.h>
#include <sys/ioctl.h>
#include <sys/stat.h>
#include <sys/socket.h>
#include <sys/types.h>
#include <stddef.h>
#include <setjmp.h>
#include <features.h>
#include <dirent.h>
#include <stdint.h>
#include <sys/timeb.h>
#include <pthread.h>
#include <srbclient.h>


int main(){return 0;}

Determining size of __int64 failed with the following output:
Change Dir: /home/nknapp/dfnworks-main/inp_2_vtk/VTK-7.1.0/CMakeFiles/CMakeTmp

Run Build Command:/usr/bin/make "cmTryCompileExec3646410578/fast"
make: Warning: File `Makefile' has modification time 0.94 s in the future
/usr/bin/make -f CMakeFiles/cmTryCompileExec3646410578.dir/build.make CMakeFiles/cmTryCompileExec3646410578.dir/build
make[1]: Entering directory `/home/nknapp/dfnworks-main/inp_2_vtk/VTK-7.1.0/CMakeFiles/CMakeTmp'
make[1]: Warning: File `CMakeFiles/cmTryCompileExec3646410578.dir/flags.make' has modification time 0.93 s in the future
/usr/bin/cmake -E cmake_progress_report /home/nknapp/dfnworks-main/inp_2_vtk/VTK-7.1.0/CMakeFiles/CMakeTmp/CMakeFiles 1
Building C object CMakeFiles/cmTryCompileExec3646410578.dir/H5_SIZEOF___INT64.c.o
/usr/bin/cc  -D_BSD_SOURCE -D_DEFAULT_SOURCE -D_FILE_OFFSET_BITS=64 -D_LARGEFILE64_SOURCE -D_LARGEFILE_SOURCE -w -w    -o CMakeFiles/cmTryCompileExec3646410578.dir/H5_SIZEOF___INT64.c.o   -c /home/nknapp/dfnworks-main/inp_2_vtk/VTK-7.1.0/CMakeFiles/CheckTypeSize/H5_SIZEOF___INT64.c
/home/nknapp/dfnworks-main/inp_2_vtk/VTK-7.1.0/CMakeFiles/CheckTypeSize/H5_SIZEOF___INT64.c:17:22: error: ‘__int64’ undeclared here (not in a function)
 #define SIZE (sizeof(__int64))
                      ^
/home/nknapp/dfnworks-main/inp_2_vtk/VTK-7.1.0/CMakeFiles/CheckTypeSize/H5_SIZEOF___INT64.c:19:12: note: in expansion of macro ‘SIZE’
   ('0' + ((SIZE / 10000)%10)),
            ^
make[1]: *** [CMakeFiles/cmTryCompileExec3646410578.dir/H5_SIZEOF___INT64.c.o] Error 1
make[1]: Leaving directory `/home/nknapp/dfnworks-main/inp_2_vtk/VTK-7.1.0/CMakeFiles/CMakeTmp'
make: *** [cmTryCompileExec3646410578/fast] Error 2

/home/nknapp/dfnworks-main/inp_2_vtk/VTK-7.1.0/CMakeFiles/CheckTypeSize/H5_SIZEOF___INT64.c:
#include <sys/types.h>
#include <stdint.h>
#include <stddef.h>


#undef KEY
#if defined(__i386)
# define KEY '_','_','i','3','8','6'
#elif defined(__x86_64)
# define KEY '_','_','x','8','6','_','6','4'
#elif defined(__ppc__)
# define KEY '_','_','p','p','c','_','_'
#elif defined(__ppc64__)
# define KEY '_','_','p','p','c','6','4','_','_'
#endif

#define SIZE (sizeof(__int64))
char info_size[] =  {'I', 'N', 'F', 'O', ':', 's','i','z','e','[',
  ('0' + ((SIZE / 10000)%10)),
  ('0' + ((SIZE / 1000)%10)),
  ('0' + ((SIZE / 100)%10)),
  ('0' + ((SIZE / 10)%10)),
  ('0' +  (SIZE    % 10)),
  ']',
#ifdef KEY
  ' ','k','e','y','[', KEY, ']',
#endif
  '\0'};

#ifdef __CLASSIC_C__
int main(argc, argv) int argc; char *argv[];
#else
int main(int argc, char *argv[])
#endif
{
  int require = 0;
  require += info_size[argc];
  (void)argv;
  return require;
}


Determining if the variable CLOCK_MONOTONIC exists failed with the following output:
Change Dir: /home/nknapp/dfnworks-main/inp_2_vtk/VTK-7.1.0/CMakeFiles/CMakeTmp

Run Build Command:/usr/bin/make "cmTryCompileExec1478234910/fast"
make: Warning: File `Makefile' has modification time 0.96 s in the future
/usr/bin/make -f CMakeFiles/cmTryCompileExec1478234910.dir/build.make CMakeFiles/cmTryCompileExec1478234910.dir/build
make[1]: Entering directory `/home/nknapp/dfnworks-main/inp_2_vtk/VTK-7.1.0/CMakeFiles/CMakeTmp'
make[1]: Warning: File `CMakeFiles/cmTryCompileExec1478234910.dir/flags.make' has modification time 0.95 s in the future
/usr/bin/cmake -E cmake_progress_report /home/nknapp/dfnworks-main/inp_2_vtk/VTK-7.1.0/CMakeFiles/CMakeTmp/CMakeFiles 1
Building C object CMakeFiles/cmTryCompileExec1478234910.dir/CheckVariableExists.c.o
/usr/bin/cc  -D_BSD_SOURCE -D_DEFAULT_SOURCE -D_FILE_OFFSET_BITS=64 -D_LARGEFILE64_SOURCE -D_LARGEFILE_SOURCE -w -w -DCHECK_VARIABLE_EXISTS=CLOCK_MONOTONIC   -o CMakeFiles/cmTryCompileExec1478234910.dir/CheckVariableExists.c.o   -c /usr/share/cmake-2.8/Modules/CheckVariableExists.c
Linking C executable cmTryCompileExec1478234910
/usr/bin/cmake -E cmake_link_script CMakeFiles/cmTryCompileExec1478234910.dir/link.txt --verbose=1
/usr/bin/cc    -w -w -DCHECK_VARIABLE_EXISTS=CLOCK_MONOTONIC    CMakeFiles/cmTryCompileExec1478234910.dir/CheckVariableExists.c.o  -o cmTryCompileExec1478234910 -rdynamic -lm -ldl 
CMakeFiles/cmTryCompileExec1478234910.dir/CheckVariableExists.c.o: In function `main':
CheckVariableExists.c:(.text+0x25): undefined reference to `CLOCK_MONOTONIC'
collect2: error: ld returned 1 exit status
make[1]: *** [cmTryCompileExec1478234910] Error 1
make[1]: Leaving directory `/home/nknapp/dfnworks-main/inp_2_vtk/VTK-7.1.0/CMakeFiles/CMakeTmp'
make: *** [cmTryCompileExec1478234910/fast] Error 2


Performing Other Test HAVE___TM_GMTOFF failed with the following output:
Change Dir: /home/nknapp/dfnworks-main/inp_2_vtk/VTK-7.1.0/CMakeFiles/CMakeTmp

Run Build Command:/usr/bin/make "cmTryCompileExec2882436758/fast"
make: Warning: File `Makefile' has modification time 0.96 s in the future
/usr/bin/make -f CMakeFiles/cmTryCompileExec2882436758.dir/build.make CMakeFiles/cmTryCompileExec2882436758.dir/build
make[1]: Entering directory `/home/nknapp/dfnworks-main/inp_2_vtk/VTK-7.1.0/CMakeFiles/CMakeTmp'
make[1]: Warning: File `CMakeFiles/cmTryCompileExec2882436758.dir/flags.make' has modification time 0.95 s in the future
/usr/bin/cmake -E cmake_progress_report /home/nknapp/dfnworks-main/inp_2_vtk/VTK-7.1.0/CMakeFiles/CMakeTmp/CMakeFiles 1
Building C object CMakeFiles/cmTryCompileExec2882436758.dir/HDF5Tests.c.o
/usr/bin/cc   -w -w -DHAVE___TM_GMTOFF  -DHAVE_SYS_TIME_H -DHAVE_UNISTD_H -DHAVE_SYS_TYPES_H -DHAVE_SYS_SOCKET_H -D_FILE_OFFSET_BITS=64 -D_LARGEFILE64_SOURCE -D_LARGEFILE_SOURCE   -o CMakeFiles/cmTryCompileExec2882436758.dir/HDF5Tests.c.o   -c /home/nknapp/dfnworks-main/inp_2_vtk/VTK-7.1.0/ThirdParty/hdf5/vtkhdf5/config/cmake/HDF5Tests.c
/home/nknapp/dfnworks-main/inp_2_vtk/VTK-7.1.0/ThirdParty/hdf5/vtkhdf5/config/cmake/HDF5Tests.c: In function ‘main’:
/home/nknapp/dfnworks-main/inp_2_vtk/VTK-7.1.0/ThirdParty/hdf5/vtkhdf5/config/cmake/HDF5Tests.c:191:29: error: ‘struct tm’ has no member named ‘__tm_gmtoff’
 SIMPLE_TEST(struct tm tm; tm.__tm_gmtoff=0);
                             ^
/home/nknapp/dfnworks-main/inp_2_vtk/VTK-7.1.0/ThirdParty/hdf5/vtkhdf5/config/cmake/HDF5Tests.c:1:36: note: in definition of macro ‘SIMPLE_TEST’
 #define SIMPLE_TEST(x) int main(){ x; return 0; }
                                    ^
make[1]: *** [CMakeFiles/cmTryCompileExec2882436758.dir/HDF5Tests.c.o] Error 1
make[1]: Leaving directory `/home/nknapp/dfnworks-main/inp_2_vtk/VTK-7.1.0/CMakeFiles/CMakeTmp'
make: *** [cmTryCompileExec2882436758/fast] Error 2

Performing Other Test HAVE_STRUCT_VIDEOCONFIG failed with the following output:
Change Dir: /home/nknapp/dfnworks-main/inp_2_vtk/VTK-7.1.0/CMakeFiles/CMakeTmp

Run Build Command:/usr/bin/make "cmTryCompileExec4136398133/fast"
make: Warning: File `Makefile' has modification time 0.96 s in the future
/usr/bin/make -f CMakeFiles/cmTryCompileExec4136398133.dir/build.make CMakeFiles/cmTryCompileExec4136398133.dir/build
make[1]: Entering directory `/home/nknapp/dfnworks-main/inp_2_vtk/VTK-7.1.0/CMakeFiles/CMakeTmp'
make[1]: Warning: File `CMakeFiles/cmTryCompileExec4136398133.dir/flags.make' has modification time 0.95 s in the future
/usr/bin/cmake -E cmake_progress_report /home/nknapp/dfnworks-main/inp_2_vtk/VTK-7.1.0/CMakeFiles/CMakeTmp/CMakeFiles 1
Building C object CMakeFiles/cmTryCompileExec4136398133.dir/HDF5Tests.c.o
/usr/bin/cc   -w -w -DHAVE_STRUCT_VIDEOCONFIG  -DHAVE_SYS_TIME_H -DHAVE_UNISTD_H -DHAVE_SYS_TYPES_H -DHAVE_SYS_SOCKET_H -D_FILE_OFFSET_BITS=64 -D_LARGEFILE64_SOURCE -D_LARGEFILE_SOURCE   -o CMakeFiles/cmTryCompileExec4136398133.dir/HDF5Tests.c.o   -c /home/nknapp/dfnworks-main/inp_2_vtk/VTK-7.1.0/ThirdParty/hdf5/vtkhdf5/config/cmake/HDF5Tests.c
/home/nknapp/dfnworks-main/inp_2_vtk/VTK-7.1.0/ThirdParty/hdf5/vtkhdf5/config/cmake/HDF5Tests.c: In function ‘main’:
/home/nknapp/dfnworks-main/inp_2_vtk/VTK-7.1.0/ThirdParty/hdf5/vtkhdf5/config/cmake/HDF5Tests.c:474:32: error: storage size of ‘w’ isn’t known
 SIMPLE_TEST(struct videoconfig w; w.numtextcols=0);
                                ^
/home/nknapp/dfnworks-main/inp_2_vtk/VTK-7.1.0/ThirdParty/hdf5/vtkhdf5/config/cmake/HDF5Tests.c:1:36: note: in definition of macro ‘SIMPLE_TEST’
 #define SIMPLE_TEST(x) int main(){ x; return 0; }
                                    ^
make[1]: *** [CMakeFiles/cmTryCompileExec4136398133.dir/HDF5Tests.c.o] Error 1
make[1]: Leaving directory `/home/nknapp/dfnworks-main/inp_2_vtk/VTK-7.1.0/CMakeFiles/CMakeTmp'
make: *** [cmTryCompileExec4136398133/fast] Error 2

Performing Other Test HAVE_STRUCT_TEXT_INFO failed with the following output:
Change Dir: /home/nknapp/dfnworks-main/inp_2_vtk/VTK-7.1.0/CMakeFiles/CMakeTmp

Run Build Command:/usr/bin/make "cmTryCompileExec56225919/fast"
make: Warning: File `Makefile' has modification time 0.96 s in the future
/usr/bin/make -f CMakeFiles/cmTryCompileExec56225919.dir/build.make CMakeFiles/cmTryCompileExec56225919.dir/build
make[1]: Entering directory `/home/nknapp/dfnworks-main/inp_2_vtk/VTK-7.1.0/CMakeFiles/CMakeTmp'
make[1]: Warning: File `CMakeFiles/cmTryCompileExec56225919.dir/flags.make' has modification time 0.95 s in the future
/usr/bin/cmake -E cmake_progress_report /home/nknapp/dfnworks-main/inp_2_vtk/VTK-7.1.0/CMakeFiles/CMakeTmp/CMakeFiles 1
Building C object CMakeFiles/cmTryCompileExec56225919.dir/HDF5Tests.c.o
/usr/bin/cc   -w -w -DHAVE_STRUCT_TEXT_INFO  -DHAVE_SYS_TIME_H -DHAVE_UNISTD_H -DHAVE_SYS_TYPES_H -DHAVE_SYS_SOCKET_H -D_FILE_OFFSET_BITS=64 -D_LARGEFILE64_SOURCE -D_LARGEFILE_SOURCE   -o CMakeFiles/cmTryCompileExec56225919.dir/HDF5Tests.c.o   -c /home/nknapp/dfnworks-main/inp_2_vtk/VTK-7.1.0/ThirdParty/hdf5/vtkhdf5/config/cmake/HDF5Tests.c
/home/nknapp/dfnworks-main/inp_2_vtk/VTK-7.1.0/ThirdParty/hdf5/vtkhdf5/config/cmake/HDF5Tests.c: In function ‘main’:
/home/nknapp/dfnworks-main/inp_2_vtk/VTK-7.1.0/ThirdParty/hdf5/vtkhdf5/config/cmake/HDF5Tests.c:480:30: error: storage size of ‘w’ isn’t known
 SIMPLE_TEST(struct text_info w; w.screenwidth=0);
                              ^
/home/nknapp/dfnworks-main/inp_2_vtk/VTK-7.1.0/ThirdParty/hdf5/vtkhdf5/config/cmake/HDF5Tests.c:1:36: note: in definition of macro ‘SIMPLE_TEST’
 #define SIMPLE_TEST(x) int main(){ x; return 0; }
                                    ^
make[1]: *** [CMakeFiles/cmTryCompileExec56225919.dir/HDF5Tests.c.o] Error 1
make[1]: Leaving directory `/home/nknapp/dfnworks-main/inp_2_vtk/VTK-7.1.0/CMakeFiles/CMakeTmp'
make: *** [cmTryCompileExec56225919/fast] Error 2

Determining if the function _getvideoconfig exists failed with the following output:
Change Dir: /home/nknapp/dfnworks-main/inp_2_vtk/VTK-7.1.0/CMakeFiles/CMakeTmp

Run Build Command:/usr/bin/make "cmTryCompileExec2903093851/fast"
make: Warning: File `Makefile' has modification time 0.96 s in the future
/usr/bin/make -f CMakeFiles/cmTryCompileExec2903093851.dir/build.make CMakeFiles/cmTryCompileExec2903093851.dir/build
make[1]: Entering directory `/home/nknapp/dfnworks-main/inp_2_vtk/VTK-7.1.0/CMakeFiles/CMakeTmp'
make[1]: Warning: File `CMakeFiles/cmTryCompileExec2903093851.dir/flags.make' has modification time 0.95 s in the future
/usr/bin/cmake -E cmake_progress_report /home/nknapp/dfnworks-main/inp_2_vtk/VTK-7.1.0/CMakeFiles/CMakeTmp/CMakeFiles 1
Building C object CMakeFiles/cmTryCompileExec2903093851.dir/CheckFunctionExists.c.o
/usr/bin/cc  -D_BSD_SOURCE -D_DEFAULT_SOURCE -D_FILE_OFFSET_BITS=64 -D_LARGEFILE64_SOURCE -D_LARGEFILE_SOURCE -w -w -DCHECK_FUNCTION_EXISTS=_getvideoconfig   -o CMakeFiles/cmTryCompileExec2903093851.dir/CheckFunctionExists.c.o   -c /usr/share/cmake-2.8/Modules/CheckFunctionExists.c
Linking C executable cmTryCompileExec2903093851
/usr/bin/cmake -E cmake_link_script CMakeFiles/cmTryCompileExec2903093851.dir/link.txt --verbose=1
/usr/bin/cc    -w -w -DCHECK_FUNCTION_EXISTS=_getvideoconfig    CMakeFiles/cmTryCompileExec2903093851.dir/CheckFunctionExists.c.o  -o cmTryCompileExec2903093851 -rdynamic -lm -ldl 
CMakeFiles/cmTryCompileExec2903093851.dir/CheckFunctionExists.c.o: In function `main':
CheckFunctionExists.c:(.text+0x15): undefined reference to `_getvideoconfig'
collect2: error: ld returned 1 exit status
make[1]: *** [cmTryCompileExec2903093851] Error 1
make[1]: Leaving directory `/home/nknapp/dfnworks-main/inp_2_vtk/VTK-7.1.0/CMakeFiles/CMakeTmp'
make: *** [cmTryCompileExec2903093851/fast] Error 2


Determining if the function gettextinfo exists failed with the following output:
Change Dir: /home/nknapp/dfnworks-main/inp_2_vtk/VTK-7.1.0/CMakeFiles/CMakeTmp

Run Build Command:/usr/bin/make "cmTryCompileExec1022717878/fast"
make: Warning: File `Makefile' has modification time 0.96 s in the future
/usr/bin/make -f CMakeFiles/cmTryCompileExec1022717878.dir/build.make CMakeFiles/cmTryCompileExec1022717878.dir/build
make[1]: Entering directory `/home/nknapp/dfnworks-main/inp_2_vtk/VTK-7.1.0/CMakeFiles/CMakeTmp'
make[1]: Warning: File `CMakeFiles/cmTryCompileExec1022717878.dir/flags.make' has modification time 0.95 s in the future
/usr/bin/cmake -E cmake_progress_report /home/nknapp/dfnworks-main/inp_2_vtk/VTK-7.1.0/CMakeFiles/CMakeTmp/CMakeFiles 1
Building C object CMakeFiles/cmTryCompileExec1022717878.dir/CheckFunctionExists.c.o
/usr/bin/cc  -D_BSD_SOURCE -D_DEFAULT_SOURCE -D_FILE_OFFSET_BITS=64 -D_LARGEFILE64_SOURCE -D_LARGEFILE_SOURCE -w -w -DCHECK_FUNCTION_EXISTS=gettextinfo   -o CMakeFiles/cmTryCompileExec1022717878.dir/CheckFunctionExists.c.o   -c /usr/share/cmake-2.8/Modules/CheckFunctionExists.c
Linking C executable cmTryCompileExec1022717878
/usr/bin/cmake -E cmake_link_script CMakeFiles/cmTryCompileExec1022717878.dir/link.txt --verbose=1
/usr/bin/cc    -w -w -DCHECK_FUNCTION_EXISTS=gettextinfo    CMakeFiles/cmTryCompileExec1022717878.dir/CheckFunctionExists.c.o  -o cmTryCompileExec1022717878 -rdynamic -lm -ldl 
CMakeFiles/cmTryCompileExec1022717878.dir/CheckFunctionExists.c.o: In function `main':
CheckFunctionExists.c:(.text+0x15): undefined reference to `gettextinfo'
collect2: error: ld returned 1 exit status
make[1]: *** [cmTryCompileExec1022717878] Error 1
make[1]: Leaving directory `/home/nknapp/dfnworks-main/inp_2_vtk/VTK-7.1.0/CMakeFiles/CMakeTmp'
make: *** [cmTryCompileExec1022717878/fast] Error 2


Determining if the function _scrsize exists failed with the following output:
Change Dir: /home/nknapp/dfnworks-main/inp_2_vtk/VTK-7.1.0/CMakeFiles/CMakeTmp

Run Build Command:/usr/bin/make "cmTryCompileExec3336568790/fast"
make: Warning: File `Makefile' has modification time 0.96 s in the future
/usr/bin/make -f CMakeFiles/cmTryCompileExec3336568790.dir/build.make CMakeFiles/cmTryCompileExec3336568790.dir/build
make[1]: Entering directory `/home/nknapp/dfnworks-main/inp_2_vtk/VTK-7.1.0/CMakeFiles/CMakeTmp'
make[1]: Warning: File `CMakeFiles/cmTryCompileExec3336568790.dir/flags.make' has modification time 0.95 s in the future
/usr/bin/cmake -E cmake_progress_report /home/nknapp/dfnworks-main/inp_2_vtk/VTK-7.1.0/CMakeFiles/CMakeTmp/CMakeFiles 1
Building C object CMakeFiles/cmTryCompileExec3336568790.dir/CheckFunctionExists.c.o
/usr/bin/cc  -D_BSD_SOURCE -D_DEFAULT_SOURCE -D_FILE_OFFSET_BITS=64 -D_LARGEFILE64_SOURCE -D_LARGEFILE_SOURCE -w -w -DCHECK_FUNCTION_EXISTS=_scrsize   -o CMakeFiles/cmTryCompileExec3336568790.dir/CheckFunctionExists.c.o   -c /usr/share/cmake-2.8/Modules/CheckFunctionExists.c
Linking C executable cmTryCompileExec3336568790
/usr/bin/cmake -E cmake_link_script CMakeFiles/cmTryCompileExec3336568790.dir/link.txt --verbose=1
/usr/bin/cc    -w -w -DCHECK_FUNCTION_EXISTS=_scrsize    CMakeFiles/cmTryCompileExec3336568790.dir/CheckFunctionExists.c.o  -o cmTryCompileExec3336568790 -rdynamic -lm -ldl 
CMakeFiles/cmTryCompileExec3336568790.dir/CheckFunctionExists.c.o: In function `main':
CheckFunctionExists.c:(.text+0x15): undefined reference to `_scrsize'
collect2: error: ld returned 1 exit status
make[1]: Leaving directory `/home/nknapp/dfnworks-main/inp_2_vtk/VTK-7.1.0/CMakeFiles/CMakeTmp'
make[1]: *** [cmTryCompileExec3336568790] Error 1
make: *** [cmTryCompileExec3336568790/fast] Error 2


Determining if the function GetConsoleScreenBufferInfo exists failed with the following output:
Change Dir: /home/nknapp/dfnworks-main/inp_2_vtk/VTK-7.1.0/CMakeFiles/CMakeTmp

Run Build Command:/usr/bin/make "cmTryCompileExec2995877412/fast"
make: Warning: File `Makefile' has modification time 0.96 s in the future
/usr/bin/make -f CMakeFiles/cmTryCompileExec2995877412.dir/build.make CMakeFiles/cmTryCompileExec2995877412.dir/build
make[1]: Entering directory `/home/nknapp/dfnworks-main/inp_2_vtk/VTK-7.1.0/CMakeFiles/CMakeTmp'
make[1]: Warning: File `CMakeFiles/cmTryCompileExec2995877412.dir/flags.make' has modification time 0.95 s in the future
/usr/bin/cmake -E cmake_progress_report /home/nknapp/dfnworks-main/inp_2_vtk/VTK-7.1.0/CMakeFiles/CMakeTmp/CMakeFiles 1
Building C object CMakeFiles/cmTryCompileExec2995877412.dir/CheckFunctionExists.c.o
/usr/bin/cc  -D_BSD_SOURCE -D_DEFAULT_SOURCE -D_FILE_OFFSET_BITS=64 -D_LARGEFILE64_SOURCE -D_LARGEFILE_SOURCE -w -w -DCHECK_FUNCTION_EXISTS=GetConsoleScreenBufferInfo   -o CMakeFiles/cmTryCompileExec2995877412.dir/CheckFunctionExists.c.o   -c /usr/share/cmake-2.8/Modules/CheckFunctionExists.c
Linking C executable cmTryCompileExec2995877412
/usr/bin/cmake -E cmake_link_script CMakeFiles/cmTryCompileExec2995877412.dir/link.txt --verbose=1
/usr/bin/cc    -w -w -DCHECK_FUNCTION_EXISTS=GetConsoleScreenBufferInfo    CMakeFiles/cmTryCompileExec2995877412.dir/CheckFunctionExists.c.o  -o cmTryCompileExec2995877412 -rdynamic -lm -ldl 
CMakeFiles/cmTryCompileExec2995877412.dir/CheckFunctionExists.c.o: In function `main':
CheckFunctionExists.c:(.text+0x15): undefined reference to `GetConsoleScreenBufferInfo'
collect2: error: ld returned 1 exit status
make[1]: *** [cmTryCompileExec2995877412] Error 1
make[1]: Leaving directory `/home/nknapp/dfnworks-main/inp_2_vtk/VTK-7.1.0/CMakeFiles/CMakeTmp'
make: *** [cmTryCompileExec2995877412/fast] Error 2


Determining if the function setsysinfo exists failed with the following output:
Change Dir: /home/nknapp/dfnworks-main/inp_2_vtk/VTK-7.1.0/CMakeFiles/CMakeTmp

Run Build Command:/usr/bin/make "cmTryCompileExec1438502401/fast"
make: Warning: File `Makefile' has modification time 0.96 s in the future
/usr/bin/make -f CMakeFiles/cmTryCompileExec1438502401.dir/build.make CMakeFiles/cmTryCompileExec1438502401.dir/build
make[1]: Entering directory `/home/nknapp/dfnworks-main/inp_2_vtk/VTK-7.1.0/CMakeFiles/CMakeTmp'
make[1]: Warning: File `CMakeFiles/cmTryCompileExec1438502401.dir/flags.make' has modification time 0.95 s in the future
/usr/bin/cmake -E cmake_progress_report /home/nknapp/dfnworks-main/inp_2_vtk/VTK-7.1.0/CMakeFiles/CMakeTmp/CMakeFiles 1
Building C object CMakeFiles/cmTryCompileExec1438502401.dir/CheckFunctionExists.c.o
/usr/bin/cc  -D_BSD_SOURCE -D_DEFAULT_SOURCE -D_FILE_OFFSET_BITS=64 -D_LARGEFILE64_SOURCE -D_LARGEFILE_SOURCE -w -w -DCHECK_FUNCTION_EXISTS=setsysinfo   -o CMakeFiles/cmTryCompileExec1438502401.dir/CheckFunctionExists.c.o   -c /usr/share/cmake-2.8/Modules/CheckFunctionExists.c
Linking C executable cmTryCompileExec1438502401
/usr/bin/cmake -E cmake_link_script CMakeFiles/cmTryCompileExec1438502401.dir/link.txt --verbose=1
/usr/bin/cc    -w -w -DCHECK_FUNCTION_EXISTS=setsysinfo    CMakeFiles/cmTryCompileExec1438502401.dir/CheckFunctionExists.c.o  -o cmTryCompileExec1438502401 -rdynamic -lm -ldl 
CMakeFiles/cmTryCompileExec1438502401.dir/CheckFunctionExists.c.o: In function `main':
CheckFunctionExists.c:(.text+0x15): undefined reference to `setsysinfo'
collect2: error: ld returned 1 exit status
make[1]: *** [cmTryCompileExec1438502401] Error 1
make[1]: Leaving directory `/home/nknapp/dfnworks-main/inp_2_vtk/VTK-7.1.0/CMakeFiles/CMakeTmp'
make: *** [cmTryCompileExec1438502401/fast] Error 2


Determining if the function sigsetjmp exists failed with the following output:
Change Dir: /home/nknapp/dfnworks-main/inp_2_vtk/VTK-7.1.0/CMakeFiles/CMakeTmp

Run Build Command:/usr/bin/make "cmTryCompileExec1460650541/fast"
make: Warning: File `Makefile' has modification time 0.96 s in the future
/usr/bin/make -f CMakeFiles/cmTryCompileExec1460650541.dir/build.make CMakeFiles/cmTryCompileExec1460650541.dir/build
make[1]: Entering directory `/home/nknapp/dfnworks-main/inp_2_vtk/VTK-7.1.0/CMakeFiles/CMakeTmp'
make[1]: Warning: File `CMakeFiles/cmTryCompileExec1460650541.dir/flags.make' has modification time 0.95 s in the future
/usr/bin/cmake -E cmake_progress_report /home/nknapp/dfnworks-main/inp_2_vtk/VTK-7.1.0/CMakeFiles/CMakeTmp/CMakeFiles 1
Building C object CMakeFiles/cmTryCompileExec1460650541.dir/CheckFunctionExists.c.o
/usr/bin/cc  -D_BSD_SOURCE -D_DEFAULT_SOURCE -D_FILE_OFFSET_BITS=64 -D_LARGEFILE64_SOURCE -D_LARGEFILE_SOURCE -w -w -DCHECK_FUNCTION_EXISTS=sigsetjmp   -o CMakeFiles/cmTryCompileExec1460650541.dir/CheckFunctionExists.c.o   -c /usr/share/cmake-2.8/Modules/CheckFunctionExists.c
Linking C executable cmTryCompileExec1460650541
/usr/bin/cmake -E cmake_link_script CMakeFiles/cmTryCompileExec1460650541.dir/link.txt --verbose=1
/usr/bin/cc    -w -w -DCHECK_FUNCTION_EXISTS=sigsetjmp    CMakeFiles/cmTryCompileExec1460650541.dir/CheckFunctionExists.c.o  -o cmTryCompileExec1460650541 -rdynamic -lm -ldl 
CMakeFiles/cmTryCompileExec1460650541.dir/CheckFunctionExists.c.o: In function `main':
CheckFunctionExists.c:(.text+0x15): undefined reference to `sigsetjmp'
collect2: error: ld returned 1 exit status
make[1]: *** [cmTryCompileExec1460650541] Error 1
make[1]: Leaving directory `/home/nknapp/dfnworks-main/inp_2_vtk/VTK-7.1.0/CMakeFiles/CMakeTmp'
make: *** [cmTryCompileExec1460650541/fast] Error 2


Performing CXX Test OLD_HEADER_FILENAME failed with the following output:
Change Dir: /home/nknapp/dfnworks-main/inp_2_vtk/VTK-7.1.0/CMakeFiles/CMakeTmp

Run Build Command:/usr/bin/make "cmTryCompileExec2407673578/fast"
make: Warning: File `Makefile' has modification time 0.96 s in the future
/usr/bin/make -f CMakeFiles/cmTryCompileExec2407673578.dir/build.make CMakeFiles/cmTryCompileExec2407673578.dir/build
make[1]: Entering directory `/home/nknapp/dfnworks-main/inp_2_vtk/VTK-7.1.0/CMakeFiles/CMakeTmp'
make[1]: Warning: File `CMakeFiles/cmTryCompileExec2407673578.dir/flags.make' has modification time 0.95 s in the future
/usr/bin/cmake -E cmake_progress_report /home/nknapp/dfnworks-main/inp_2_vtk/VTK-7.1.0/CMakeFiles/CMakeTmp/CMakeFiles 1
Building CXX object CMakeFiles/cmTryCompileExec2407673578.dir/HDF5CXXTests.cpp.o
/usr/bin/c++    -w -w -DOLD_HEADER_FILENAME  -DHAVE_SYS_TIME_H -DHAVE_UNISTD_H -DHAVE_SYS_TYPES_H -DHAVE_SYS_SOCKET_H -D_FILE_OFFSET_BITS=64 -D_LARGEFILE64_SOURCE -D_LARGEFILE_SOURCE   -o CMakeFiles/cmTryCompileExec2407673578.dir/HDF5CXXTests.cpp.o -c /home/nknapp/dfnworks-main/inp_2_vtk/VTK-7.1.0/ThirdParty/hdf5/vtkhdf5/config/cmake/HDF5CXXTests.cpp
Linking CXX executable cmTryCompileExec2407673578
/usr/bin/cmake -E cmake_link_script CMakeFiles/cmTryCompileExec2407673578.dir/link.txt --verbose=1
/usr/bin/c++     -w -w -DOLD_HEADER_FILENAME  -DHAVE_SYS_TIME_H -DHAVE_UNISTD_H -DHAVE_SYS_TYPES_H -DHAVE_SYS_SOCKET_H -D_FILE_OFFSET_BITS=64 -D_LARGEFILE64_SOURCE -D_LARGEFILE_SOURCE    CMakeFiles/cmTryCompileExec2407673578.dir/HDF5CXXTests.cpp.o  -o cmTryCompileExec2407673578 -rdynamic -lm -ldl 
make[1]: warning:  Clock skew detected.  Your build may be incomplete.
make[1]: Leaving directory `/home/nknapp/dfnworks-main/inp_2_vtk/VTK-7.1.0/CMakeFiles/CMakeTmp'
make: warning:  Clock skew detected.  Your build may be incomplete.

Performing CXX Test H5_NO_NAMESPACE failed with the following output:
Change Dir: /home/nknapp/dfnworks-main/inp_2_vtk/VTK-7.1.0/CMakeFiles/CMakeTmp

Run Build Command:/usr/bin/make "cmTryCompileExec863931283/fast"
/usr/bin/make -f CMakeFiles/cmTryCompileExec863931283.dir/build.make CMakeFiles/cmTryCompileExec863931283.dir/build
make: Warning: File `Makefile' has modification time 0.94 s in the future
make[1]: Entering directory `/home/nknapp/dfnworks-main/inp_2_vtk/VTK-7.1.0/CMakeFiles/CMakeTmp'
make[1]: Warning: File `CMakeFiles/cmTryCompileExec863931283.dir/flags.make' has modification time 0.93 s in the future
/usr/bin/cmake -E cmake_progress_report /home/nknapp/dfnworks-main/inp_2_vtk/VTK-7.1.0/CMakeFiles/CMakeTmp/CMakeFiles 1
Building CXX object CMakeFiles/cmTryCompileExec863931283.dir/HDF5CXXTests.cpp.o
/usr/bin/c++    -w -w -DH5_NO_NAMESPACE  -DHAVE_SYS_TIME_H -DHAVE_UNISTD_H -DHAVE_SYS_TYPES_H -DHAVE_SYS_SOCKET_H -D_FILE_OFFSET_BITS=64 -D_LARGEFILE64_SOURCE -D_LARGEFILE_SOURCE   -o CMakeFiles/cmTryCompileExec863931283.dir/HDF5CXXTests.cpp.o -c /home/nknapp/dfnworks-main/inp_2_vtk/VTK-7.1.0/ThirdParty/hdf5/vtkhdf5/config/cmake/HDF5CXXTests.cpp
Linking CXX executable cmTryCompileExec863931283
/usr/bin/cmake -E cmake_link_script CMakeFiles/cmTryCompileExec863931283.dir/link.txt --verbose=1
/usr/bin/c++     -w -w -DH5_NO_NAMESPACE  -DHAVE_SYS_TIME_H -DHAVE_UNISTD_H -DHAVE_SYS_TYPES_H -DHAVE_SYS_SOCKET_H -D_FILE_OFFSET_BITS=64 -D_LARGEFILE64_SOURCE -D_LARGEFILE_SOURCE    CMakeFiles/cmTryCompileExec863931283.dir/HDF5CXXTests.cpp.o  -o cmTryCompileExec863931283 -rdynamic -lm -ldl 
make[1]: warning:  Clock skew detected.  Your build may be incomplete.
make[1]: Leaving directory `/home/nknapp/dfnworks-main/inp_2_vtk/VTK-7.1.0/CMakeFiles/CMakeTmp'
make: warning:  Clock skew detected.  Your build may be incomplete.

Performing CXX Test H5_NO_STD failed with the following output:
Change Dir: /home/nknapp/dfnworks-main/inp_2_vtk/VTK-7.1.0/CMakeFiles/CMakeTmp

Run Build Command:/usr/bin/make "cmTryCompileExec544136112/fast"
make: Warning: File `Makefile' has modification time 0.96 s in the future
/usr/bin/make -f CMakeFiles/cmTryCompileExec544136112.dir/build.make CMakeFiles/cmTryCompileExec544136112.dir/build
make[1]: Entering directory `/home/nknapp/dfnworks-main/inp_2_vtk/VTK-7.1.0/CMakeFiles/CMakeTmp'
make[1]: Warning: File `CMakeFiles/cmTryCompileExec544136112.dir/flags.make' has modification time 0.95 s in the future
/usr/bin/cmake -E cmake_progress_report /home/nknapp/dfnworks-main/inp_2_vtk/VTK-7.1.0/CMakeFiles/CMakeTmp/CMakeFiles 1
Building CXX object CMakeFiles/cmTryCompileExec544136112.dir/HDF5CXXTests.cpp.o
/usr/bin/c++    -w -w -DH5_NO_STD  -DHAVE_SYS_TIME_H -DHAVE_UNISTD_H -DHAVE_SYS_TYPES_H -DHAVE_SYS_SOCKET_H -D_FILE_OFFSET_BITS=64 -D_LARGEFILE64_SOURCE -D_LARGEFILE_SOURCE   -o CMakeFiles/cmTryCompileExec544136112.dir/HDF5CXXTests.cpp.o -c /home/nknapp/dfnworks-main/inp_2_vtk/VTK-7.1.0/ThirdParty/hdf5/vtkhdf5/config/cmake/HDF5CXXTests.cpp
Linking CXX executable cmTryCompileExec544136112
/usr/bin/cmake -E cmake_link_script CMakeFiles/cmTryCompileExec544136112.dir/link.txt --verbose=1
/usr/bin/c++     -w -w -DH5_NO_STD  -DHAVE_SYS_TIME_H -DHAVE_UNISTD_H -DHAVE_SYS_TYPES_H -DHAVE_SYS_SOCKET_H -D_FILE_OFFSET_BITS=64 -D_LARGEFILE64_SOURCE -D_LARGEFILE_SOURCE    CMakeFiles/cmTryCompileExec544136112.dir/HDF5CXXTests.cpp.o  -o cmTryCompileExec544136112 -rdynamic -lm -ldl 
make[1]: Leaving directory `/home/nknapp/dfnworks-main/inp_2_vtk/VTK-7.1.0/CMakeFiles/CMakeTmp'
make[1]: warning:  Clock skew detected.  Your build may be incomplete.
make: warning:  Clock skew detected.  Your build may be incomplete.

Performing CXX Test BOOL_NOTDEFINED failed with the following output:
Change Dir: /home/nknapp/dfnworks-main/inp_2_vtk/VTK-7.1.0/CMakeFiles/CMakeTmp

Run Build Command:/usr/bin/make "cmTryCompileExec640119186/fast"
/usr/bin/make -f CMakeFiles/cmTryCompileExec640119186.dir/build.make CMakeFiles/cmTryCompileExec640119186.dir/build
make: Warning: File `Makefile' has modification time 0.96 s in the future
make[1]: Entering directory `/home/nknapp/dfnworks-main/inp_2_vtk/VTK-7.1.0/CMakeFiles/CMakeTmp'
make[1]: Warning: File `CMakeFiles/cmTryCompileExec640119186.dir/flags.make' has modification time 0.95 s in the future
/usr/bin/cmake -E cmake_progress_report /home/nknapp/dfnworks-main/inp_2_vtk/VTK-7.1.0/CMakeFiles/CMakeTmp/CMakeFiles 1
Building CXX object CMakeFiles/cmTryCompileExec640119186.dir/HDF5CXXTests.cpp.o
/usr/bin/c++    -w -w -DBOOL_NOTDEFINED  -DHAVE_SYS_TIME_H -DHAVE_UNISTD_H -DHAVE_SYS_TYPES_H -DHAVE_SYS_SOCKET_H -D_FILE_OFFSET_BITS=64 -D_LARGEFILE64_SOURCE -D_LARGEFILE_SOURCE   -o CMakeFiles/cmTryCompileExec640119186.dir/HDF5CXXTests.cpp.o -c /home/nknapp/dfnworks-main/inp_2_vtk/VTK-7.1.0/ThirdParty/hdf5/vtkhdf5/config/cmake/HDF5CXXTests.cpp
Linking CXX executable cmTryCompileExec640119186
/usr/bin/cmake -E cmake_link_script CMakeFiles/cmTryCompileExec640119186.dir/link.txt --verbose=1
/usr/bin/c++     -w -w -DBOOL_NOTDEFINED  -DHAVE_SYS_TIME_H -DHAVE_UNISTD_H -DHAVE_SYS_TYPES_H -DHAVE_SYS_SOCKET_H -D_FILE_OFFSET_BITS=64 -D_LARGEFILE64_SOURCE -D_LARGEFILE_SOURCE    CMakeFiles/cmTryCompileExec640119186.dir/HDF5CXXTests.cpp.o  -o cmTryCompileExec640119186 -rdynamic -lm -ldl 
make[1]: Leaving directory `/home/nknapp/dfnworks-main/inp_2_vtk/VTK-7.1.0/CMakeFiles/CMakeTmp'
make[1]: warning:  Clock skew detected.  Your build may be incomplete.
make: warning:  Clock skew detected.  Your build may be incomplete.

Performing CXX Test NO_STATIC_CAST failed with the following output:
Change Dir: /home/nknapp/dfnworks-main/inp_2_vtk/VTK-7.1.0/CMakeFiles/CMakeTmp

Run Build Command:/usr/bin/make "cmTryCompileExec1809069043/fast"
make: Warning: File `Makefile' has modification time 0.96 s in the future
/usr/bin/make -f CMakeFiles/cmTryCompileExec1809069043.dir/build.make CMakeFiles/cmTryCompileExec1809069043.dir/build
make[1]: Entering directory `/home/nknapp/dfnworks-main/inp_2_vtk/VTK-7.1.0/CMakeFiles/CMakeTmp'
make[1]: Warning: File `CMakeFiles/cmTryCompileExec1809069043.dir/flags.make' has modification time 0.95 s in the future
/usr/bin/cmake -E cmake_progress_report /home/nknapp/dfnworks-main/inp_2_vtk/VTK-7.1.0/CMakeFiles/CMakeTmp/CMakeFiles 1
Building CXX object CMakeFiles/cmTryCompileExec1809069043.dir/HDF5CXXTests.cpp.o
/usr/bin/c++    -w -w -DNO_STATIC_CAST  -DHAVE_SYS_TIME_H -DHAVE_UNISTD_H -DHAVE_SYS_TYPES_H -DHAVE_SYS_SOCKET_H -D_FILE_OFFSET_BITS=64 -D_LARGEFILE64_SOURCE -D_LARGEFILE_SOURCE   -o CMakeFiles/cmTryCompileExec1809069043.dir/HDF5CXXTests.cpp.o -c /home/nknapp/dfnworks-main/inp_2_vtk/VTK-7.1.0/ThirdParty/hdf5/vtkhdf5/config/cmake/HDF5CXXTests.cpp
Linking CXX executable cmTryCompileExec1809069043
/usr/bin/cmake -E cmake_link_script CMakeFiles/cmTryCompileExec1809069043.dir/link.txt --verbose=1
/usr/bin/c++     -w -w -DNO_STATIC_CAST  -DHAVE_SYS_TIME_H -DHAVE_UNISTD_H -DHAVE_SYS_TYPES_H -DHAVE_SYS_SOCKET_H -D_FILE_OFFSET_BITS=64 -D_LARGEFILE64_SOURCE -D_LARGEFILE_SOURCE    CMakeFiles/cmTryCompileExec1809069043.dir/HDF5CXXTests.cpp.o  -o cmTryCompileExec1809069043 -rdynamic -lm -ldl 
make[1]: warning:  Clock skew detected.  Your build may be incomplete.
make[1]: Leaving directory `/home/nknapp/dfnworks-main/inp_2_vtk/VTK-7.1.0/CMakeFiles/CMakeTmp'
make: warning:  Clock skew detected.  Your build may be incomplete.

Test H5_FP_TO_ULLONG_RIGHT_MAXIMUM Run failed with the following output and exit code:
 Change Dir: /home/nknapp/dfnworks-main/inp_2_vtk/VTK-7.1.0/ThirdParty/hdf5/vtkhdf5/CMake/CMakeFiles/CMakeTmp

Run Build Command:/usr/bin/make "cmTryCompileExec3438298936/fast"
make: Warning: File `Makefile' has modification time 0.96 s in the future
/usr/bin/make -f CMakeFiles/cmTryCompileExec3438298936.dir/build.make CMakeFiles/cmTryCompileExec3438298936.dir/build
make[1]: Entering directory `/home/nknapp/dfnworks-main/inp_2_vtk/VTK-7.1.0/ThirdParty/hdf5/vtkhdf5/CMake/CMakeFiles/CMakeTmp'
make[1]: Warning: File `CMakeFiles/cmTryCompileExec3438298936.dir/flags.make' has modification time 0.95 s in the future
/usr/bin/cmake -E cmake_progress_report /home/nknapp/dfnworks-main/inp_2_vtk/VTK-7.1.0/ThirdParty/hdf5/vtkhdf5/CMake/CMakeFiles/CMakeTmp/CMakeFiles 1
Building C object CMakeFiles/cmTryCompileExec3438298936.dir/ConversionTests.c.o
/usr/bin/cc   -w -w -DH5_FP_TO_ULLONG_RIGHT_MAXIMUM_TEST   -o CMakeFiles/cmTryCompileExec3438298936.dir/ConversionTests.c.o   -c /home/nknapp/dfnworks-main/inp_2_vtk/VTK-7.1.0/ThirdParty/hdf5/vtkhdf5/config/cmake/ConversionTests.c
Linking C executable cmTryCompileExec3438298936
/usr/bin/cmake -E cmake_link_script CMakeFiles/cmTryCompileExec3438298936.dir/link.txt --verbose=1
/usr/bin/cc    -w -w -DH5_FP_TO_ULLONG_RIGHT_MAXIMUM_TEST    CMakeFiles/cmTryCompileExec3438298936.dir/ConversionTests.c.o  -o cmTryCompileExec3438298936 -rdynamic 
make[1]: warning:  Clock skew detected.  Your build may be incomplete.
make[1]: Leaving directory `/home/nknapp/dfnworks-main/inp_2_vtk/VTK-7.1.0/ThirdParty/hdf5/vtkhdf5/CMake/CMakeFiles/CMakeTmp'
make: warning:  Clock skew detected.  Your build may be incomplete.

Determining size of uchar failed with the following output:
Change Dir: /home/nknapp/dfnworks-main/inp_2_vtk/VTK-7.1.0/CMakeFiles/CMakeTmp

Run Build Command:/usr/bin/make "cmTryCompileExec4188265629/fast"
make: Warning: File `Makefile' has modification time 0.96 s in the future
/usr/bin/make -f CMakeFiles/cmTryCompileExec4188265629.dir/build.make CMakeFiles/cmTryCompileExec4188265629.dir/build
make[1]: Entering directory `/home/nknapp/dfnworks-main/inp_2_vtk/VTK-7.1.0/CMakeFiles/CMakeTmp'
make[1]: Warning: File `CMakeFiles/cmTryCompileExec4188265629.dir/flags.make' has modification time 0.96 s in the future
/usr/bin/cmake -E cmake_progress_report /home/nknapp/dfnworks-main/inp_2_vtk/VTK-7.1.0/CMakeFiles/CMakeTmp/CMakeFiles 1
Building C object CMakeFiles/cmTryCompileExec4188265629.dir/SIZEOF_UCHAR.c.o
/usr/bin/cc   -w -w    -o CMakeFiles/cmTryCompileExec4188265629.dir/SIZEOF_UCHAR.c.o   -c /home/nknapp/dfnworks-main/inp_2_vtk/VTK-7.1.0/CMakeFiles/CheckTypeSize/SIZEOF_UCHAR.c
/home/nknapp/dfnworks-main/inp_2_vtk/VTK-7.1.0/CMakeFiles/CheckTypeSize/SIZEOF_UCHAR.c:17:22: error: ‘uchar’ undeclared here (not in a function)
 #define SIZE (sizeof(uchar))
                      ^
/home/nknapp/dfnworks-main/inp_2_vtk/VTK-7.1.0/CMakeFiles/CheckTypeSize/SIZEOF_UCHAR.c:19:12: note: in expansion of macro ‘SIZE’
   ('0' + ((SIZE / 10000)%10)),
            ^
make[1]: *** [CMakeFiles/cmTryCompileExec4188265629.dir/SIZEOF_UCHAR.c.o] Error 1
make[1]: Leaving directory `/home/nknapp/dfnworks-main/inp_2_vtk/VTK-7.1.0/CMakeFiles/CMakeTmp'
make: *** [cmTryCompileExec4188265629/fast] Error 2

/home/nknapp/dfnworks-main/inp_2_vtk/VTK-7.1.0/CMakeFiles/CheckTypeSize/SIZEOF_UCHAR.c:
#include <sys/types.h>
#include <stdint.h>
#include <stddef.h>


#undef KEY
#if defined(__i386)
# define KEY '_','_','i','3','8','6'
#elif defined(__x86_64)
# define KEY '_','_','x','8','6','_','6','4'
#elif defined(__ppc__)
# define KEY '_','_','p','p','c','_','_'
#elif defined(__ppc64__)
# define KEY '_','_','p','p','c','6','4','_','_'
#endif

#define SIZE (sizeof(uchar))
char info_size[] =  {'I', 'N', 'F', 'O', ':', 's','i','z','e','[',
  ('0' + ((SIZE / 10000)%10)),
  ('0' + ((SIZE / 1000)%10)),
  ('0' + ((SIZE / 100)%10)),
  ('0' + ((SIZE / 10)%10)),
  ('0' +  (SIZE    % 10)),
  ']',
#ifdef KEY
  ' ','k','e','y','[', KEY, ']',
#endif
  '\0'};

#ifdef __CLASSIC_C__
int main(argc, argv) int argc; char *argv[];
#else
int main(int argc, char *argv[])
#endif
{
  int require = 0;
  require += info_size[argc];
  (void)argv;
  return require;
}


Determining if the function shl_load exists in the dld;dl failed with the following output:
Change Dir: /home/nknapp/dfnworks-main/inp_2_vtk/VTK-7.1.0/CMakeFiles/CMakeTmp

Run Build Command:/usr/bin/make "cmTryCompileExec208672725/fast"
make: Warning: File `Makefile' has modification time 0.95 s in the future
/usr/bin/make -f CMakeFiles/cmTryCompileExec208672725.dir/build.make CMakeFiles/cmTryCompileExec208672725.dir/build
make[1]: Entering directory `/home/nknapp/dfnworks-main/inp_2_vtk/VTK-7.1.0/CMakeFiles/CMakeTmp'
make[1]: Warning: File `CMakeFiles/cmTryCompileExec208672725.dir/flags.make' has modification time 0.95 s in the future
/usr/bin/cmake -E cmake_progress_report /home/nknapp/dfnworks-main/inp_2_vtk/VTK-7.1.0/CMakeFiles/CMakeTmp/CMakeFiles 1
Building C object CMakeFiles/cmTryCompileExec208672725.dir/CheckFunctionExists.c.o
/usr/bin/cc   -w -w -DCHECK_FUNCTION_EXISTS=shl_load   -o CMakeFiles/cmTryCompileExec208672725.dir/CheckFunctionExists.c.o   -c /usr/share/cmake-2.8/Modules/CheckFunctionExists.c
Linking C executable cmTryCompileExec208672725
/usr/bin/cmake -E cmake_link_script CMakeFiles/cmTryCompileExec208672725.dir/link.txt --verbose=1
/usr/bin/cc    -w -w -DCHECK_FUNCTION_EXISTS=shl_load    CMakeFiles/cmTryCompileExec208672725.dir/CheckFunctionExists.c.o  -o cmTryCompileExec208672725 -rdynamic -ldld -ldl 
/usr/bin/ld: cannot find -ldld
collect2: error: ld returned 1 exit status
make[1]: *** [cmTryCompileExec208672725] Error 1
make[1]: Leaving directory `/home/nknapp/dfnworks-main/inp_2_vtk/VTK-7.1.0/CMakeFiles/CMakeTmp'
make: *** [cmTryCompileExec208672725/fast] Error 2


Determining if files stdio.h;stddef.h;sys/types.h;inttypes.h;dlfcn.h;fcntl.h;malloc.h;memory.h;netdb.h;limits.h;sys/socket.h;netinet/in.h;sys/select.h;stdint.h;stdlib.h;string.h;strings.h;sys/stat.h;sys/time.h;time.h;unistd.h;signal.h;errno.h;ansidecl.h exist failed with the following output:
Change Dir: /home/nknapp/dfnworks-main/inp_2_vtk/VTK-7.1.0/CMakeFiles/CMakeTmp

Run Build Command:/usr/bin/make "cmTryCompileExec1172371080/fast"
make: Warning: File `Makefile' has modification time 0.95 s in the future
/usr/bin/make -f CMakeFiles/cmTryCompileExec1172371080.dir/build.make CMakeFiles/cmTryCompileExec1172371080.dir/build
make[1]: Entering directory `/home/nknapp/dfnworks-main/inp_2_vtk/VTK-7.1.0/CMakeFiles/CMakeTmp'
make[1]: Warning: File `CMakeFiles/cmTryCompileExec1172371080.dir/flags.make' has modification time 0.94 s in the future
/usr/bin/cmake -E cmake_progress_report /home/nknapp/dfnworks-main/inp_2_vtk/VTK-7.1.0/CMakeFiles/CMakeTmp/CMakeFiles 1
Building C object CMakeFiles/cmTryCompileExec1172371080.dir/CheckIncludeFiles.c.o
/usr/bin/cc  -D_GNU_SOURCE -w -w    -o CMakeFiles/cmTryCompileExec1172371080.dir/CheckIncludeFiles.c.o   -c /home/nknapp/dfnworks-main/inp_2_vtk/VTK-7.1.0/CMakeFiles/CMakeTmp/CheckIncludeFiles.c
/home/nknapp/dfnworks-main/inp_2_vtk/VTK-7.1.0/CMakeFiles/CMakeTmp/CheckIncludeFiles.c:25:22: fatal error: ansidecl.h: No such file or directory
 #include <ansidecl.h>
                      ^
compilation terminated.
make[1]: *** [CMakeFiles/cmTryCompileExec1172371080.dir/CheckIncludeFiles.c.o] Error 1
make[1]: Leaving directory `/home/nknapp/dfnworks-main/inp_2_vtk/VTK-7.1.0/CMakeFiles/CMakeTmp'
make: *** [cmTryCompileExec1172371080/fast] Error 2

Source:
/* */
#include <stdio.h>
#include <stddef.h>
#include <sys/types.h>
#include <inttypes.h>
#include <dlfcn.h>
#include <fcntl.h>
#include <malloc.h>
#include <memory.h>
#include <netdb.h>
#include <limits.h>
#include <sys/socket.h>
#include <netinet/in.h>
#include <sys/select.h>
#include <stdint.h>
#include <stdlib.h>
#include <string.h>
#include <strings.h>
#include <sys/stat.h>
#include <sys/time.h>
#include <time.h>
#include <unistd.h>
#include <signal.h>
#include <errno.h>
#include <ansidecl.h>


int main(){return 0;}

Determining if files stdio.h;stddef.h;sys/types.h;inttypes.h;dlfcn.h;fcntl.h;malloc.h;memory.h;netdb.h;limits.h;sys/socket.h;netinet/in.h;sys/select.h;stdint.h;stdlib.h;string.h;strings.h;sys/stat.h;sys/time.h;time.h;unistd.h;signal.h;errno.h;arpa/inet.h;arpa/nameser.h;ctype.h;dirent.h;dl.h exist failed with the following output:
Change Dir: /home/nknapp/dfnworks-main/inp_2_vtk/VTK-7.1.0/CMakeFiles/CMakeTmp

Run Build Command:/usr/bin/make "cmTryCompileExec1961468876/fast"
make: Warning: File `Makefile' has modification time 0.94 s in the future
/usr/bin/make -f CMakeFiles/cmTryCompileExec1961468876.dir/build.make CMakeFiles/cmTryCompileExec1961468876.dir/build
make[1]: Entering directory `/home/nknapp/dfnworks-main/inp_2_vtk/VTK-7.1.0/CMakeFiles/CMakeTmp'
make[1]: Warning: File `CMakeFiles/cmTryCompileExec1961468876.dir/flags.make' has modification time 0.93 s in the future
/usr/bin/cmake -E cmake_progress_report /home/nknapp/dfnworks-main/inp_2_vtk/VTK-7.1.0/CMakeFiles/CMakeTmp/CMakeFiles 1
Building C object CMakeFiles/cmTryCompileExec1961468876.dir/CheckIncludeFiles.c.o
/usr/bin/cc  -D_GNU_SOURCE -w -w    -o CMakeFiles/cmTryCompileExec1961468876.dir/CheckIncludeFiles.c.o   -c /home/nknapp/dfnworks-main/inp_2_vtk/VTK-7.1.0/CMakeFiles/CMakeTmp/CheckIncludeFiles.c
/home/nknapp/dfnworks-main/inp_2_vtk/VTK-7.1.0/CMakeFiles/CMakeTmp/CheckIncludeFiles.c:29:16: fatal error: dl.h: No such file or directory
 #include <dl.h>
                ^
compilation terminated.
make[1]: *** [CMakeFiles/cmTryCompileExec1961468876.dir/CheckIncludeFiles.c.o] Error 1
make[1]: Leaving directory `/home/nknapp/dfnworks-main/inp_2_vtk/VTK-7.1.0/CMakeFiles/CMakeTmp'
make: *** [cmTryCompileExec1961468876/fast] Error 2

Source:
/* */
#include <stdio.h>
#include <stddef.h>
#include <sys/types.h>
#include <inttypes.h>
#include <dlfcn.h>
#include <fcntl.h>
#include <malloc.h>
#include <memory.h>
#include <netdb.h>
#include <limits.h>
#include <sys/socket.h>
#include <netinet/in.h>
#include <sys/select.h>
#include <stdint.h>
#include <stdlib.h>
#include <string.h>
#include <strings.h>
#include <sys/stat.h>
#include <sys/time.h>
#include <time.h>
#include <unistd.h>
#include <signal.h>
#include <errno.h>
#include <arpa/inet.h>
#include <arpa/nameser.h>
#include <ctype.h>
#include <dirent.h>
#include <dl.h>


int main(){return 0;}

Determining if files stdio.h;stddef.h;sys/types.h;inttypes.h;dlfcn.h;fcntl.h;malloc.h;memory.h;netdb.h;limits.h;sys/socket.h;netinet/in.h;sys/select.h;stdint.h;stdlib.h;string.h;strings.h;sys/stat.h;sys/time.h;time.h;unistd.h;signal.h;errno.h;arpa/inet.h;arpa/nameser.h;ctype.h;dirent.h;float.h;fp_class.h exist failed with the following output:
Change Dir: /home/nknapp/dfnworks-main/inp_2_vtk/VTK-7.1.0/CMakeFiles/CMakeTmp

Run Build Command:/usr/bin/make "cmTryCompileExec4025478975/fast"
/usr/bin/make -f CMakeFiles/cmTryCompileExec4025478975.dir/build.make CMakeFiles/cmTryCompileExec4025478975.dir/build
make: Warning: File `Makefile' has modification time 0.95 s in the future
make[1]: Entering directory `/home/nknapp/dfnworks-main/inp_2_vtk/VTK-7.1.0/CMakeFiles/CMakeTmp'
make[1]: Warning: File `CMakeFiles/cmTryCompileExec4025478975.dir/flags.make' has modification time 0.93 s in the future
/usr/bin/cmake -E cmake_progress_report /home/nknapp/dfnworks-main/inp_2_vtk/VTK-7.1.0/CMakeFiles/CMakeTmp/CMakeFiles 1
Building C object CMakeFiles/cmTryCompileExec4025478975.dir/CheckIncludeFiles.c.o
/usr/bin/cc  -D_GNU_SOURCE -w -w    -o CMakeFiles/cmTryCompileExec4025478975.dir/CheckIncludeFiles.c.o   -c /home/nknapp/dfnworks-main/inp_2_vtk/VTK-7.1.0/CMakeFiles/CMakeTmp/CheckIncludeFiles.c
/home/nknapp/dfnworks-main/inp_2_vtk/VTK-7.1.0/CMakeFiles/CMakeTmp/CheckIncludeFiles.c:30:22: fatal error: fp_class.h: No such file or directory
 #include <fp_class.h>
                      ^
compilation terminated.
make[1]: Leaving directory `/home/nknapp/dfnworks-main/inp_2_vtk/VTK-7.1.0/CMakeFiles/CMakeTmp'
make[1]: *** [CMakeFiles/cmTryCompileExec4025478975.dir/CheckIncludeFiles.c.o] Error 1
make: *** [cmTryCompileExec4025478975/fast] Error 2

Source:
/* */
#include <stdio.h>
#include <stddef.h>
#include <sys/types.h>
#include <inttypes.h>
#include <dlfcn.h>
#include <fcntl.h>
#include <malloc.h>
#include <memory.h>
#include <netdb.h>
#include <limits.h>
#include <sys/socket.h>
#include <netinet/in.h>
#include <sys/select.h>
#include <stdint.h>
#include <stdlib.h>
#include <string.h>
#include <strings.h>
#include <sys/stat.h>
#include <sys/time.h>
#include <time.h>
#include <unistd.h>
#include <signal.h>
#include <errno.h>
#include <arpa/inet.h>
#include <arpa/nameser.h>
#include <ctype.h>
#include <dirent.h>
#include <float.h>
#include <fp_class.h>


int main(){return 0;}

Determining if files stdio.h;stddef.h;sys/types.h;inttypes.h;dlfcn.h;fcntl.h;malloc.h;memory.h;netdb.h;limits.h;sys/socket.h;netinet/in.h;sys/select.h;stdint.h;stdlib.h;string.h;strings.h;sys/stat.h;sys/time.h;time.h;unistd.h;signal.h;errno.h;arpa/inet.h;arpa/nameser.h;ctype.h;dirent.h;float.h;ieeefp.h exist failed with the following output:
Change Dir: /home/nknapp/dfnworks-main/inp_2_vtk/VTK-7.1.0/CMakeFiles/CMakeTmp

Run Build Command:/usr/bin/make "cmTryCompileExec873426507/fast"
make: Warning: File `Makefile' has modification time 0.95 s in the future
/usr/bin/make -f CMakeFiles/cmTryCompileExec873426507.dir/build.make CMakeFiles/cmTryCompileExec873426507.dir/build
make[1]: Entering directory `/home/nknapp/dfnworks-main/inp_2_vtk/VTK-7.1.0/CMakeFiles/CMakeTmp'
make[1]: Warning: File `CMakeFiles/cmTryCompileExec873426507.dir/flags.make' has modification time 0.94 s in the future
/usr/bin/cmake -E cmake_progress_report /home/nknapp/dfnworks-main/inp_2_vtk/VTK-7.1.0/CMakeFiles/CMakeTmp/CMakeFiles 1
Building C object CMakeFiles/cmTryCompileExec873426507.dir/CheckIncludeFiles.c.o
/usr/bin/cc  -D_GNU_SOURCE -w -w    -o CMakeFiles/cmTryCompileExec873426507.dir/CheckIncludeFiles.c.o   -c /home/nknapp/dfnworks-main/inp_2_vtk/VTK-7.1.0/CMakeFiles/CMakeTmp/CheckIncludeFiles.c
/home/nknapp/dfnworks-main/inp_2_vtk/VTK-7.1.0/CMakeFiles/CMakeTmp/CheckIncludeFiles.c:30:20: fatal error: ieeefp.h: No such file or directory
 #include <ieeefp.h>
                    ^
compilation terminated.
make[1]: *** [CMakeFiles/cmTryCompileExec873426507.dir/CheckIncludeFiles.c.o] Error 1
make[1]: Leaving directory `/home/nknapp/dfnworks-main/inp_2_vtk/VTK-7.1.0/CMakeFiles/CMakeTmp'
make: *** [cmTryCompileExec873426507/fast] Error 2

Source:
/* */
#include <stdio.h>
#include <stddef.h>
#include <sys/types.h>
#include <inttypes.h>
#include <dlfcn.h>
#include <fcntl.h>
#include <malloc.h>
#include <memory.h>
#include <netdb.h>
#include <limits.h>
#include <sys/socket.h>
#include <netinet/in.h>
#include <sys/select.h>
#include <stdint.h>
#include <stdlib.h>
#include <string.h>
#include <strings.h>
#include <sys/stat.h>
#include <sys/time.h>
#include <time.h>
#include <unistd.h>
#include <signal.h>
#include <errno.h>
#include <arpa/inet.h>
#include <arpa/nameser.h>
#include <ctype.h>
#include <dirent.h>
#include <float.h>
#include <ieeefp.h>


int main(){return 0;}

Determining if files stdio.h;stddef.h;sys/types.h;inttypes.h;dlfcn.h;fcntl.h;malloc.h;memory.h;netdb.h;limits.h;sys/socket.h;netinet/in.h;sys/select.h;stdint.h;stdlib.h;string.h;strings.h;sys/stat.h;sys/time.h;time.h;unistd.h;signal.h;errno.h;arpa/inet.h;arpa/nameser.h;ctype.h;dirent.h;float.h;math.h;nan.h exist failed with the following output:
Change Dir: /home/nknapp/dfnworks-main/inp_2_vtk/VTK-7.1.0/CMakeFiles/CMakeTmp

Run Build Command:/usr/bin/make "cmTryCompileExec395249619/fast"
make: Warning: File `Makefile' has modification time 0.94 s in the future
/usr/bin/make -f CMakeFiles/cmTryCompileExec395249619.dir/build.make CMakeFiles/cmTryCompileExec395249619.dir/build
make[1]: Entering directory `/home/nknapp/dfnworks-main/inp_2_vtk/VTK-7.1.0/CMakeFiles/CMakeTmp'
make[1]: Warning: File `CMakeFiles/cmTryCompileExec395249619.dir/flags.make' has modification time 0.92 s in the future
/usr/bin/cmake -E cmake_progress_report /home/nknapp/dfnworks-main/inp_2_vtk/VTK-7.1.0/CMakeFiles/CMakeTmp/CMakeFiles 1
Building C object CMakeFiles/cmTryCompileExec395249619.dir/CheckIncludeFiles.c.o
/usr/bin/cc  -D_GNU_SOURCE -w -w    -o CMakeFiles/cmTryCompileExec395249619.dir/CheckIncludeFiles.c.o   -c /home/nknapp/dfnworks-main/inp_2_vtk/VTK-7.1.0/CMakeFiles/CMakeTmp/CheckIncludeFiles.c
/home/nknapp/dfnworks-main/inp_2_vtk/VTK-7.1.0/CMakeFiles/CMakeTmp/CheckIncludeFiles.c:31:17: fatal error: nan.h: No such file or directory
 #include <nan.h>
                 ^
compilation terminated.
make[1]: *** [CMakeFiles/cmTryCompileExec395249619.dir/CheckIncludeFiles.c.o] Error 1
make[1]: Leaving directory `/home/nknapp/dfnworks-main/inp_2_vtk/VTK-7.1.0/CMakeFiles/CMakeTmp'
make: *** [cmTryCompileExec395249619/fast] Error 2

Source:
/* */
#include <stdio.h>
#include <stddef.h>
#include <sys/types.h>
#include <inttypes.h>
#include <dlfcn.h>
#include <fcntl.h>
#include <malloc.h>
#include <memory.h>
#include <netdb.h>
#include <limits.h>
#include <sys/socket.h>
#include <netinet/in.h>
#include <sys/select.h>
#include <stdint.h>
#include <stdlib.h>
#include <string.h>
#include <strings.h>
#include <sys/stat.h>
#include <sys/time.h>
#include <time.h>
#include <unistd.h>
#include <signal.h>
#include <errno.h>
#include <arpa/inet.h>
#include <arpa/nameser.h>
#include <ctype.h>
#include <dirent.h>
#include <float.h>
#include <math.h>
#include <nan.h>


int main(){return 0;}

Determining if files stdio.h;stddef.h;sys/types.h;inttypes.h;dlfcn.h;fcntl.h;malloc.h;memory.h;netdb.h;limits.h;sys/socket.h;netinet/in.h;sys/select.h;stdint.h;stdlib.h;string.h;strings.h;sys/stat.h;sys/time.h;time.h;unistd.h;signal.h;errno.h;arpa/inet.h;arpa/nameser.h;ctype.h;dirent.h;float.h;math.h;ndir.h exist failed with the following output:
Change Dir: /home/nknapp/dfnworks-main/inp_2_vtk/VTK-7.1.0/CMakeFiles/CMakeTmp

Run Build Command:/usr/bin/make "cmTryCompileExec998189589/fast"
make: Warning: File `Makefile' has modification time 0.96 s in the future
/usr/bin/make -f CMakeFiles/cmTryCompileExec998189589.dir/build.make CMakeFiles/cmTryCompileExec998189589.dir/build
make[1]: Entering directory `/home/nknapp/dfnworks-main/inp_2_vtk/VTK-7.1.0/CMakeFiles/CMakeTmp'
make[1]: Warning: File `CMakeFiles/cmTryCompileExec998189589.dir/flags.make' has modification time 0.95 s in the future
/usr/bin/cmake -E cmake_progress_report /home/nknapp/dfnworks-main/inp_2_vtk/VTK-7.1.0/CMakeFiles/CMakeTmp/CMakeFiles 1
Building C object CMakeFiles/cmTryCompileExec998189589.dir/CheckIncludeFiles.c.o
/usr/bin/cc  -D_GNU_SOURCE -w -w    -o CMakeFiles/cmTryCompileExec998189589.dir/CheckIncludeFiles.c.o   -c /home/nknapp/dfnworks-main/inp_2_vtk/VTK-7.1.0/CMakeFiles/CMakeTmp/CheckIncludeFiles.c
/home/nknapp/dfnworks-main/inp_2_vtk/VTK-7.1.0/CMakeFiles/CMakeTmp/CheckIncludeFiles.c:31:18: fatal error: ndir.h: No such file or directory
 #include <ndir.h>
                  ^
compilation terminated.
make[1]: *** [CMakeFiles/cmTryCompileExec998189589.dir/CheckIncludeFiles.c.o] Error 1
make[1]: Leaving directory `/home/nknapp/dfnworks-main/inp_2_vtk/VTK-7.1.0/CMakeFiles/CMakeTmp'
make: *** [cmTryCompileExec998189589/fast] Error 2

Source:
/* */
#include <stdio.h>
#include <stddef.h>
#include <sys/types.h>
#include <inttypes.h>
#include <dlfcn.h>
#include <fcntl.h>
#include <malloc.h>
#include <memory.h>
#include <netdb.h>
#include <limits.h>
#include <sys/socket.h>
#include <netinet/in.h>
#include <sys/select.h>
#include <stdint.h>
#include <stdlib.h>
#include <string.h>
#include <strings.h>
#include <sys/stat.h>
#include <sys/time.h>
#include <time.h>
#include <unistd.h>
#include <signal.h>
#include <errno.h>
#include <arpa/inet.h>
#include <arpa/nameser.h>
#include <ctype.h>
#include <dirent.h>
#include <float.h>
#include <math.h>
#include <ndir.h>


int main(){return 0;}

Determining if the fpclass exist failed with the following output:
Change Dir: /home/nknapp/dfnworks-main/inp_2_vtk/VTK-7.1.0/CMakeFiles/CMakeTmp

Run Build Command:/usr/bin/make "cmTryCompileExec2054087179/fast"
make: Warning: File `Makefile' has modification time 0.96 s in the future
/usr/bin/make -f CMakeFiles/cmTryCompileExec2054087179.dir/build.make CMakeFiles/cmTryCompileExec2054087179.dir/build
make[1]: Entering directory `/home/nknapp/dfnworks-main/inp_2_vtk/VTK-7.1.0/CMakeFiles/CMakeTmp'
make[1]: Warning: File `CMakeFiles/cmTryCompileExec2054087179.dir/flags.make' has modification time 0.95 s in the future
/usr/bin/cmake -E cmake_progress_report /home/nknapp/dfnworks-main/inp_2_vtk/VTK-7.1.0/CMakeFiles/CMakeTmp/CMakeFiles 1
Building C object CMakeFiles/cmTryCompileExec2054087179.dir/CheckSymbolExists.c.o
/usr/bin/cc  -D_GNU_SOURCE -w -w    -o CMakeFiles/cmTryCompileExec2054087179.dir/CheckSymbolExists.c.o   -c /home/nknapp/dfnworks-main/inp_2_vtk/VTK-7.1.0/CMakeFiles/CMakeTmp/CheckSymbolExists.c
/home/nknapp/dfnworks-main/inp_2_vtk/VTK-7.1.0/CMakeFiles/CMakeTmp/CheckSymbolExists.c: In function ‘main’:
/home/nknapp/dfnworks-main/inp_2_vtk/VTK-7.1.0/CMakeFiles/CMakeTmp/CheckSymbolExists.c:41:19: error: ‘fpclass’ undeclared (first use in this function)
   return ((int*)(&fpclass))[argc];
                   ^
/home/nknapp/dfnworks-main/inp_2_vtk/VTK-7.1.0/CMakeFiles/CMakeTmp/CheckSymbolExists.c:41:19: note: each undeclared identifier is reported only once for each function it appears in
make[1]: *** [CMakeFiles/cmTryCompileExec2054087179.dir/CheckSymbolExists.c.o] Error 1
make[1]: Leaving directory `/home/nknapp/dfnworks-main/inp_2_vtk/VTK-7.1.0/CMakeFiles/CMakeTmp'
make: *** [cmTryCompileExec2054087179/fast] Error 2

File /home/nknapp/dfnworks-main/inp_2_vtk/VTK-7.1.0/CMakeFiles/CMakeTmp/CheckSymbolExists.c:
/* */
#include <stdio.h>
#include <stddef.h>
#include <sys/types.h>
#include <inttypes.h>
#include <dlfcn.h>
#include <fcntl.h>
#include <malloc.h>
#include <memory.h>
#include <netdb.h>
#include <limits.h>
#include <sys/socket.h>
#include <netinet/in.h>
#include <sys/select.h>
#include <stdint.h>
#include <stdlib.h>
#include <string.h>
#include <strings.h>
#include <sys/stat.h>
#include <sys/time.h>
#include <time.h>
#include <unistd.h>
#include <signal.h>
#include <errno.h>
#include <arpa/inet.h>
#include <arpa/nameser.h>
#include <ctype.h>
#include <dirent.h>
#include <float.h>
#include <math.h>
#include <pthread.h>
#include <resolv.h>
#include <stdarg.h>
#include <sys/mman.h>
#include <sys/timeb.h>

int main(int argc, char** argv)
{
  (void)argv;
#ifndef fpclass
  return ((int*)(&fpclass))[argc];
#else
  (void)argc;
  return 0;
#endif
}

Determining if the fp_class exist failed with the following output:
Change Dir: /home/nknapp/dfnworks-main/inp_2_vtk/VTK-7.1.0/CMakeFiles/CMakeTmp

Run Build Command:/usr/bin/make "cmTryCompileExec143853409/fast"
/usr/bin/make -f CMakeFiles/cmTryCompileExec143853409.dir/build.make CMakeFiles/cmTryCompileExec143853409.dir/build
make: Warning: File `Makefile' has modification time 0.96 s in the future
make[1]: Entering directory `/home/nknapp/dfnworks-main/inp_2_vtk/VTK-7.1.0/CMakeFiles/CMakeTmp'
make[1]: Warning: File `CMakeFiles/cmTryCompileExec143853409.dir/flags.make' has modification time 0.95 s in the future
/usr/bin/cmake -E cmake_progress_report /home/nknapp/dfnworks-main/inp_2_vtk/VTK-7.1.0/CMakeFiles/CMakeTmp/CMakeFiles 1
Building C object CMakeFiles/cmTryCompileExec143853409.dir/CheckSymbolExists.c.o
/usr/bin/cc  -D_GNU_SOURCE -w -w    -o CMakeFiles/cmTryCompileExec143853409.dir/CheckSymbolExists.c.o   -c /home/nknapp/dfnworks-main/inp_2_vtk/VTK-7.1.0/CMakeFiles/CMakeTmp/CheckSymbolExists.c
/home/nknapp/dfnworks-main/inp_2_vtk/VTK-7.1.0/CMakeFiles/CMakeTmp/CheckSymbolExists.c: In function ‘main’:
/home/nknapp/dfnworks-main/inp_2_vtk/VTK-7.1.0/CMakeFiles/CMakeTmp/CheckSymbolExists.c:41:19: error: ‘fp_class’ undeclared (first use in this function)
   return ((int*)(&fp_class))[argc];
                   ^
/home/nknapp/dfnworks-main/inp_2_vtk/VTK-7.1.0/CMakeFiles/CMakeTmp/CheckSymbolExists.c:41:19: note: each undeclared identifier is reported only once for each function it appears in
make[1]: *** [CMakeFiles/cmTryCompileExec143853409.dir/CheckSymbolExists.c.o] Error 1
make[1]: Leaving directory `/home/nknapp/dfnworks-main/inp_2_vtk/VTK-7.1.0/CMakeFiles/CMakeTmp'
make: *** [cmTryCompileExec143853409/fast] Error 2

File /home/nknapp/dfnworks-main/inp_2_vtk/VTK-7.1.0/CMakeFiles/CMakeTmp/CheckSymbolExists.c:
/* */
#include <stdio.h>
#include <stddef.h>
#include <sys/types.h>
#include <inttypes.h>
#include <dlfcn.h>
#include <fcntl.h>
#include <malloc.h>
#include <memory.h>
#include <netdb.h>
#include <limits.h>
#include <sys/socket.h>
#include <netinet/in.h>
#include <sys/select.h>
#include <stdint.h>
#include <stdlib.h>
#include <string.h>
#include <strings.h>
#include <sys/stat.h>
#include <sys/time.h>
#include <time.h>
#include <unistd.h>
#include <signal.h>
#include <errno.h>
#include <arpa/inet.h>
#include <arpa/nameser.h>
#include <ctype.h>
#include <dirent.h>
#include <float.h>
#include <math.h>
#include <pthread.h>
#include <resolv.h>
#include <stdarg.h>
#include <sys/mman.h>
#include <sys/timeb.h>

int main(int argc, char** argv)
{
  (void)argv;
#ifndef fp_class
  return ((int*)(&fp_class))[argc];
#else
  (void)argc;
  return 0;
#endif
}

Determining if the _stat exist failed with the following output:
Change Dir: /home/nknapp/dfnworks-main/inp_2_vtk/VTK-7.1.0/CMakeFiles/CMakeTmp

Run Build Command:/usr/bin/make "cmTryCompileExec309916998/fast"
make: Warning: File `Makefile' has modification time 0.92 s in the future
/usr/bin/make -f CMakeFiles/cmTryCompileExec309916998.dir/build.make CMakeFiles/cmTryCompileExec309916998.dir/build
make[1]: Entering directory `/home/nknapp/dfnworks-main/inp_2_vtk/VTK-7.1.0/CMakeFiles/CMakeTmp'
make[1]: Warning: File `CMakeFiles/cmTryCompileExec309916998.dir/flags.make' has modification time 0.9 s in the future
/usr/bin/cmake -E cmake_progress_report /home/nknapp/dfnworks-main/inp_2_vtk/VTK-7.1.0/CMakeFiles/CMakeTmp/CMakeFiles 1
Building C object CMakeFiles/cmTryCompileExec309916998.dir/CheckSymbolExists.c.o
/usr/bin/cc  -D_GNU_SOURCE -w -w    -o CMakeFiles/cmTryCompileExec309916998.dir/CheckSymbolExists.c.o   -c /home/nknapp/dfnworks-main/inp_2_vtk/VTK-7.1.0/CMakeFiles/CMakeTmp/CheckSymbolExists.c
/home/nknapp/dfnworks-main/inp_2_vtk/VTK-7.1.0/CMakeFiles/CMakeTmp/CheckSymbolExists.c: In function ‘main’:
/home/nknapp/dfnworks-main/inp_2_vtk/VTK-7.1.0/CMakeFiles/CMakeTmp/CheckSymbolExists.c:41:19: error: ‘_stat’ undeclared (first use in this function)
   return ((int*)(&_stat))[argc];
                   ^
/home/nknapp/dfnworks-main/inp_2_vtk/VTK-7.1.0/CMakeFiles/CMakeTmp/CheckSymbolExists.c:41:19: note: each undeclared identifier is reported only once for each function it appears in
make[1]: *** [CMakeFiles/cmTryCompileExec309916998.dir/CheckSymbolExists.c.o] Error 1
make[1]: Leaving directory `/home/nknapp/dfnworks-main/inp_2_vtk/VTK-7.1.0/CMakeFiles/CMakeTmp'
make: *** [cmTryCompileExec309916998/fast] Error 2

File /home/nknapp/dfnworks-main/inp_2_vtk/VTK-7.1.0/CMakeFiles/CMakeTmp/CheckSymbolExists.c:
/* */
#include <stdio.h>
#include <stddef.h>
#include <sys/types.h>
#include <inttypes.h>
#include <dlfcn.h>
#include <fcntl.h>
#include <malloc.h>
#include <memory.h>
#include <netdb.h>
#include <limits.h>
#include <sys/socket.h>
#include <netinet/in.h>
#include <sys/select.h>
#include <stdint.h>
#include <stdlib.h>
#include <string.h>
#include <strings.h>
#include <sys/stat.h>
#include <sys/time.h>
#include <time.h>
#include <unistd.h>
#include <signal.h>
#include <errno.h>
#include <arpa/inet.h>
#include <arpa/nameser.h>
#include <ctype.h>
#include <dirent.h>
#include <float.h>
#include <math.h>
#include <pthread.h>
#include <resolv.h>
#include <stdarg.h>
#include <sys/mman.h>
#include <sys/timeb.h>

int main(int argc, char** argv)
{
  (void)argv;
#ifndef _stat
  return ((int*)(&_stat))[argc];
#else
  (void)argc;
  return 0;
#endif
}

Checking for DIR in sys/ndir.h failed to compile with the following output:
Change Dir: /home/nknapp/dfnworks-main/inp_2_vtk/VTK-7.1.0/ThirdParty/libxml2/vtklibxml2/CMakeFiles/CMakeTmp

Run Build Command:/usr/bin/make "cmTryCompileExec1981695647/fast"
make: Warning: File `Makefile' has modification time 0.95 s in the future
/usr/bin/make -f CMakeFiles/cmTryCompileExec1981695647.dir/build.make CMakeFiles/cmTryCompileExec1981695647.dir/build
make[1]: Entering directory `/home/nknapp/dfnworks-main/inp_2_vtk/VTK-7.1.0/ThirdParty/libxml2/vtklibxml2/CMakeFiles/CMakeTmp'
make[1]: Warning: File `CMakeFiles/cmTryCompileExec1981695647.dir/flags.make' has modification time 0.94 s in the future
/usr/bin/cmake -E cmake_progress_report /home/nknapp/dfnworks-main/inp_2_vtk/VTK-7.1.0/ThirdParty/libxml2/vtklibxml2/CMakeFiles/CMakeTmp/CMakeFiles 1
Building C object CMakeFiles/cmTryCompileExec1981695647.dir/platformTestsC.c.o
/usr/bin/cc  -DTEST_HAVE_SYS_NDIR_H -w -w    -o CMakeFiles/cmTryCompileExec1981695647.dir/platformTestsC.c.o   -c /home/nknapp/dfnworks-main/inp_2_vtk/VTK-7.1.0/ThirdParty/libxml2/vtklibxml2/platformTestsC.c
/home/nknapp/dfnworks-main/inp_2_vtk/VTK-7.1.0/ThirdParty/libxml2/vtklibxml2/platformTestsC.c:82:22: fatal error: sys/ndir.h: No such file or directory
 #include <sys/ndir.h>
                      ^
compilation terminated.
make[1]: *** [CMakeFiles/cmTryCompileExec1981695647.dir/platformTestsC.c.o] Error 1
make[1]: Leaving directory `/home/nknapp/dfnworks-main/inp_2_vtk/VTK-7.1.0/ThirdParty/libxml2/vtklibxml2/CMakeFiles/CMakeTmp'
make: *** [cmTryCompileExec1981695647/fast] Error 2


